PRT1
278
911
4 0 4 (0 1024 160 ) (0 1024 0 ) (352 1024 0 ) (352 1024 160 ) 
4 0 3 (352 1024 784 ) (0 1024 784 ) (0 1024 160 ) (352 1024 160 ) 
4 0 8 (0 1024 0 ) (0 1024 -128 ) (352 1024 -128 ) (352 1024 0 ) 
4 0 2 (480 1024 784 ) (352 1024 784 ) (352 1024 -128 ) (480 1024 -128 ) 
4 0 1 (0 1024 -128 ) (0 1024 784 ) (0 1536 784 ) (0 1536 -128 ) 
4 1 86 (-1024 1024 -128 ) (-1024 1024 784 ) (-1024 1536 784 ) (-1024 1536 -128 ) 
4 1 69 (-1024 1024 -64 ) (-1024 1024 -128 ) (-896 1024 -128 ) (-896 1024 -64 ) 
4 1 55 (-1024 1024 160 ) (-1024 1024 -64 ) (-896 1024 -64 ) (-896 1024 160 ) 
4 1 50 (-896 1024 -128 ) (-880 1024 -128 ) (-880 1024 0 ) (-896 1024 0 ) 
4 1 49 (-880 1024 0 ) (-880 1024 160 ) (-896 1024 160 ) (-896 1024 0 ) 
4 1 17 (-880 1024 -128 ) (0 1024 -128 ) (0 1024 160 ) (-880 1024 160 ) 
4 1 13 (-1024 1024 192 ) (-1024 1024 160 ) (-896 1024 160 ) (-896 1024 192 ) 
4 1 11 (-896 1024 160 ) (-880 1024 160 ) (-880 1024 192 ) (-896 1024 192 ) 
4 1 10 (-880 1024 160 ) (0 1024 160 ) (0 1024 192 ) (-880 1024 192 ) 
4 1 9 (-1024 1024 784 ) (-1024 1024 192 ) (0 1024 192 ) (0 1024 784 ) 
4 2 72 (480 0 784 ) (352 0 784 ) (352 0 -128 ) (480 0 -128 ) 
4 2 5 (352 0 0 ) (352 0 160 ) (352 752 160 ) (352 752 0 ) 
4 2 4 (352 768 160 ) (352 1024 160 ) (352 1024 0 ) (352 768 0 ) 
4 2 3 (352 0 160 ) (352 0 784 ) (352 1024 784 ) (352 1024 160 ) 
4 2 8 (352 1024 -128 ) (352 0 -128 ) (352 0 0 ) (352 1024 0 ) 
4 3 73 (48 0 784 ) (0 0 784 ) (0 0 160 ) (48 0 160 ) 
4 3 72 (352 0 784 ) (48 0 784 ) (48 0 160 ) (352 0 160 ) 
4 3 10 (0 1024 192 ) (0 1024 160 ) (0 0 160 ) (0 0 192 ) 
4 3 9 (0 1024 784 ) (0 1024 192 ) (0 0 192 ) (0 0 784 ) 
4 3 6 (0 256 160 ) (0 752 160 ) (208 752 160 ) (208 256 160 ) 
4 3 7 (208 0 160 ) (0 0 160 ) (0 240 160 ) (208 240 160 ) 
4 3 5 (352 752 160 ) (352 0 160 ) (208 0 160 ) (208 752 160 ) 
4 3 4 (0 1024 160 ) (352 1024 160 ) (352 768 160 ) (0 768 160 ) 
4 4 17 (0 1024 160 ) (0 1024 0 ) (0 768 0 ) (0 768 160 ) 
4 4 8 (0 768 0 ) (0 1024 0 ) (352 1024 0 ) (352 768 0 ) 
4 5 72 (208 0 0 ) (352 0 0 ) (352 0 160 ) (208 0 160 ) 
4 5 6 (208 752 160 ) (208 752 0 ) (208 256 0 ) (208 256 160 ) 
4 5 7 (208 240 0 ) (208 0 0 ) (208 0 160 ) (208 240 160 ) 
4 5 8 (208 752 0 ) (352 752 0 ) (352 0 0 ) (208 0 0 ) 
4 6 33 (0 604 0 ) (0 500 0 ) (0 500 4 ) (0 604 4 ) 
4 6 32 (0 500 4 ) (0 500 28 ) (0 604 28 ) (0 604 4 ) 
4 6 31 (0 752 0 ) (0 604 0 ) (0 604 28 ) (0 752 28 ) 
4 6 35 (0 500 0 ) (0 256 0 ) (0 256 28 ) (0 500 28 ) 
4 6 21 (0 256 28 ) (0 256 160 ) (0 752 160 ) (0 752 28 ) 
4 6 8 (0 256 0 ) (0 752 0 ) (208 752 0 ) (208 256 0 ) 
4 7 73 (0 0 160 ) (0 0 0 ) (48 0 0 ) (48 0 160 ) 
4 7 72 (48 0 0 ) (208 0 0 ) (208 0 160 ) (48 0 160 ) 
4 7 37 (0 240 0 ) (0 0 0 ) (0 0 28 ) (0 240 28 ) 
4 7 22 (0 0 28 ) (0 0 160 ) (0 240 160 ) (0 240 28 ) 
4 7 8 (0 0 0 ) (0 240 0 ) (208 240 0 ) (208 0 0 ) 
4 8 73 (0 0 0 ) (0 0 -128 ) (48 0 -128 ) (48 0 0 ) 
4 8 72 (48 0 -128 ) (352 0 -128 ) (352 0 0 ) (48 0 0 ) 
4 8 48 (0 768 -128 ) (0 0 -128 ) (0 0 -64 ) (0 768 -64 ) 
4 8 36 (0 240 0 ) (0 256 0 ) (0 256 -64 ) (0 240 -64 ) 
4 8 37 (0 0 -64 ) (0 0 0 ) (0 240 0 ) (0 240 -64 ) 
4 8 33 (0 500 0 ) (0 604 0 ) (0 604 -8 ) (0 500 -8 ) 
4 8 34 (0 604 -8 ) (0 604 -64 ) (0 500 -64 ) (0 500 -8 ) 
4 8 31 (0 604 0 ) (0 752 0 ) (0 752 -64 ) (0 604 -64 ) 
4 8 35 (0 256 0 ) (0 500 0 ) (0 500 -64 ) (0 256 -64 ) 
4 8 18 (0 752 0 ) (0 768 0 ) (0 768 -12 ) (0 752 -12 ) 
4 8 20 (0 768 -12 ) (0 768 -64 ) (0 752 -64 ) (0 752 -12 ) 
4 8 17 (0 1024 0 ) (0 1024 -128 ) (0 768 -128 ) (0 768 0 ) 
4 9 88 (-1024 0 192 ) (-1024 0 784 ) (-1024 1024 784 ) (-1024 1024 192 ) 
4 9 77 (0 0 192 ) (0 0 784 ) (-1024 0 784 ) (-1024 0 192 ) 
4 9 16 (-896 0 192 ) (-1024 0 192 ) (-1024 32 192 ) (-896 32 192 ) 
4 9 14 (-1024 144 192 ) (-1024 528 192 ) (-896 528 192 ) (-896 144 192 ) 
4 9 15 (-1024 48 192 ) (-1024 128 192 ) (-896 128 192 ) (-896 48 192 ) 
4 9 13 (-1024 544 192 ) (-1024 1024 192 ) (-896 1024 192 ) (-896 544 192 ) 
4 9 11 (-896 544 192 ) (-896 1024 192 ) (-880 1024 192 ) (-880 544 192 ) 
4 9 12 (-880 0 192 ) (-896 0 192 ) (-896 32 192 ) (-880 32 192 ) 
4 9 10 (0 0 192 ) (-880 0 192 ) (-880 1024 192 ) (0 1024 192 ) 
4 10 77 (0 0 160 ) (0 0 192 ) (-880 0 192 ) (-880 0 160 ) 
4 10 29 (-880 28 160 ) (-880 52 160 ) (-580 52 160 ) (-580 28 160 ) 
4 10 28 (-880 52 160 ) (-880 752 160 ) (-580 752 160 ) (-580 52 160 ) 
4 10 30 (-580 0 160 ) (-880 0 160 ) (-880 28 160 ) (-580 28 160 ) 
4 10 25 (-556 0 160 ) (-580 0 160 ) (-580 752 160 ) (-556 752 160 ) 
4 10 23 (-448 256 160 ) (-448 752 160 ) (-432 752 160 ) (-432 256 160 ) 
4 10 24 (-448 0 160 ) (-556 0 160 ) (-556 752 160 ) (-448 752 160 ) 
4 10 21 (0 752 160 ) (0 256 160 ) (-432 256 160 ) (-432 752 160 ) 
4 10 22 (0 240 160 ) (0 0 160 ) (-432 0 160 ) (-432 240 160 ) 
4 10 17 (-880 1024 160 ) (0 1024 160 ) (0 768 160 ) (-880 768 160 ) 
4 10 11 (-880 1024 160 ) (-880 544 160 ) (-880 544 192 ) (-880 1024 192 ) 
4 10 12 (-880 32 160 ) (-880 0 160 ) (-880 0 192 ) (-880 32 192 ) 
4 11 49 (-896 1024 160 ) (-880 1024 160 ) (-880 768 160 ) (-896 768 160 ) 
4 11 13 (-896 1024 160 ) (-896 544 160 ) (-896 544 192 ) (-896 1024 192 ) 
4 12 77 (-880 0 192 ) (-896 0 192 ) (-896 0 160 ) (-880 0 160 ) 
4 12 53 (-880 32 160 ) (-880 0 160 ) (-896 0 160 ) (-896 32 160 ) 
4 12 16 (-896 32 160 ) (-896 0 160 ) (-896 0 192 ) (-896 32 192 ) 
4 13 89 (-1024 544 192 ) (-1024 1024 192 ) (-1024 1024 160 ) (-1024 544 160 ) 
4 13 57 (-1024 544 160 ) (-1024 752 160 ) (-896 752 160 ) (-896 544 160 ) 
4 13 55 (-1024 768 160 ) (-1024 1024 160 ) (-896 1024 160 ) (-896 768 160 ) 
4 14 90 (-1024 144 192 ) (-1024 528 192 ) (-1024 528 160 ) (-1024 144 160 ) 
4 15 92 (-1024 48 192 ) (-1024 128 192 ) (-1024 128 160 ) (-1024 48 160 ) 
4 15 64 (-1024 48 160 ) (-1024 128 160 ) (-1012 128 160 ) (-1012 48 160 ) 
4 15 62 (-1012 128 160 ) (-992 128 160 ) (-992 48 160 ) (-1012 48 160 ) 
4 15 61 (-992 128 160 ) (-896 128 160 ) (-896 48 160 ) (-992 48 160 ) 
4 16 93 (-1024 0 160 ) (-1024 0 192 ) (-1024 32 192 ) (-1024 32 160 ) 
4 16 77 (-896 0 192 ) (-1024 0 192 ) (-1024 0 160 ) (-896 0 160 ) 
4 16 71 (-1024 0 160 ) (-1024 32 160 ) (-896 32 160 ) (-896 0 160 ) 
4 17 50 (-880 1024 0 ) (-880 1024 -128 ) (-880 768 -128 ) (-880 768 0 ) 
4 17 49 (-880 768 160 ) (-880 1024 160 ) (-880 1024 0 ) (-880 768 0 ) 
4 17 48 (-880 768 -64 ) (-880 768 -128 ) (0 768 -128 ) (0 768 -64 ) 
4 17 19 (-880 768 0 ) (-880 768 -12 ) (-576 768 -12 ) (-576 768 0 ) 
4 17 18 (-560 768 -12 ) (0 768 -12 ) (0 768 0 ) (-560 768 0 ) 
4 17 20 (-880 768 -12 ) (-880 768 -64 ) (0 768 -64 ) (0 768 -12 ) 
4 18 31 (-560 752 -12 ) (0 752 -12 ) (0 752 0 ) (-560 752 0 ) 
4 18 20 (0 752 -12 ) (-560 752 -12 ) (-560 768 -12 ) (0 768 -12 ) 
4 19 50 (-880 768 0 ) (-880 768 -12 ) (-880 752 -12 ) (-880 752 0 ) 
4 19 20 (-576 752 -12 ) (-880 752 -12 ) (-880 768 -12 ) (-576 768 -12 ) 
4 20 50 (-880 768 -12 ) (-880 768 -64 ) (-880 752 -64 ) (-880 752 -12 ) 
4 20 48 (-880 752 -64 ) (-880 768 -64 ) (0 768 -64 ) (0 752 -64 ) 
4 20 40 (-576 752 -64 ) (-560 752 -64 ) (-560 752 -12 ) (-576 752 -12 ) 
4 20 31 (-560 752 -64 ) (0 752 -64 ) (0 752 -12 ) (-560 752 -12 ) 
4 21 32 (-432 500 28 ) (-432 604 28 ) (0 604 28 ) (0 500 28 ) 
4 21 31 (-432 604 28 ) (-432 752 28 ) (0 752 28 ) (0 604 28 ) 
4 21 35 (-432 256 28 ) (-432 500 28 ) (0 500 28 ) (0 256 28 ) 
4 21 23 (-432 752 160 ) (-432 752 28 ) (-432 256 28 ) (-432 256 160 ) 
4 22 78 (0 0 28 ) (0 0 160 ) (-432 0 160 ) (-432 0 28 ) 
4 22 37 (0 0 28 ) (-432 0 28 ) (-432 240 28 ) (0 240 28 ) 
4 23 32 (-448 500 28 ) (-448 604 28 ) (-432 604 28 ) (-432 500 28 ) 
4 23 31 (-448 604 28 ) (-448 752 28 ) (-432 752 28 ) (-432 604 28 ) 
4 23 35 (-448 256 28 ) (-448 500 28 ) (-432 500 28 ) (-432 256 28 ) 
4 23 24 (-448 752 160 ) (-448 752 28 ) (-448 256 28 ) (-448 256 160 ) 
4 24 79 (-448 0 160 ) (-556 0 160 ) (-556 0 28 ) (-448 0 28 ) 
4 24 39 (-448 0 28 ) (-556 0 28 ) (-556 256 28 ) (-448 256 28 ) 
4 24 32 (-556 500 28 ) (-556 604 28 ) (-448 604 28 ) (-448 500 28 ) 
4 24 31 (-556 604 28 ) (-556 752 28 ) (-448 752 28 ) (-448 604 28 ) 
4 24 35 (-556 256 28 ) (-556 500 28 ) (-448 500 28 ) (-448 256 28 ) 
4 24 26 (-556 592 28 ) (-556 512 28 ) (-556 512 36 ) (-556 592 36 ) 
4 24 27 (-556 28 28 ) (-556 0 28 ) (-556 0 36 ) (-556 28 36 ) 
4 24 25 (-556 752 160 ) (-556 752 36 ) (-556 0 36 ) (-556 0 160 ) 
4 25 79 (-556 0 160 ) (-580 0 160 ) (-580 0 36 ) (-556 0 36 ) 
4 25 29 (-580 52 36 ) (-580 28 36 ) (-580 28 160 ) (-580 52 160 ) 
4 25 28 (-580 752 160 ) (-580 752 36 ) (-580 52 36 ) (-580 52 160 ) 
4 25 30 (-580 28 36 ) (-580 0 36 ) (-580 0 160 ) (-580 28 160 ) 
4 25 26 (-580 512 36 ) (-580 592 36 ) (-556 592 36 ) (-556 512 36 ) 
4 25 27 (-580 0 36 ) (-580 28 36 ) (-556 28 36 ) (-556 0 36 ) 
4 26 45 (-580 512 28 ) (-580 592 28 ) (-576 592 28 ) (-576 512 28 ) 
4 26 41 (-576 592 28 ) (-560 592 28 ) (-560 512 28 ) (-576 512 28 ) 
4 26 32 (-560 592 28 ) (-556 592 28 ) (-556 512 28 ) (-560 512 28 ) 
4 26 28 (-580 592 28 ) (-580 512 28 ) (-580 512 36 ) (-580 592 36 ) 
4 27 79 (-580 0 36 ) (-580 0 28 ) (-556 0 28 ) (-556 0 36 ) 
4 27 47 (-576 0 28 ) (-580 0 28 ) (-580 28 28 ) (-576 28 28 ) 
4 27 44 (-560 0 28 ) (-576 0 28 ) (-576 28 28 ) (-560 28 28 ) 
4 27 39 (-556 0 28 ) (-560 0 28 ) (-560 28 28 ) (-556 28 28 ) 
4 27 30 (-580 28 28 ) (-580 0 28 ) (-580 0 36 ) (-580 28 36 ) 
4 28 51 (-880 448 128 ) (-880 448 28 ) (-880 352 28 ) (-880 352 128 ) 
4 28 45 (-880 52 28 ) (-880 752 28 ) (-580 752 28 ) (-580 52 28 ) 
4 28 29 (-880 52 160 ) (-880 52 36 ) (-580 52 36 ) (-580 52 160 ) 
4 29 53 (-880 28 160 ) (-880 32 160 ) (-880 32 36 ) (-880 28 36 ) 
4 29 30 (-880 28 160 ) (-880 28 36 ) (-580 28 36 ) (-580 28 160 ) 
4 30 79 (-580 0 160 ) (-880 0 160 ) (-880 0 28 ) (-580 0 28 ) 
4 30 53 (-880 0 28 ) (-880 0 160 ) (-880 28 160 ) (-880 28 28 ) 
4 30 47 (-580 0 28 ) (-880 0 28 ) (-880 28 28 ) (-580 28 28 ) 
4 31 48 (-560 604 -64 ) (-560 752 -64 ) (0 752 -64 ) (0 604 -64 ) 
4 31 40 (-560 752 -12 ) (-560 752 -64 ) (-560 604 -64 ) (-560 604 -12 ) 
4 31 33 (-512 604 -8 ) (0 604 -8 ) (0 604 4 ) (-544 604 4 ) 
4 31 32 (-560 604 28 ) (-560 604 4 ) (0 604 4 ) (0 604 28 ) 
4 31 34 (-560 604 -8 ) (-560 604 -64 ) (0 604 -64 ) (0 604 -8 ) 
4 32 41 (-560 512 28 ) (-560 592 28 ) (-560 592 12 ) (-560 512 12 ) 
4 32 33 (0 500 4 ) (-544 500 4 ) (-544 604 4 ) (0 604 4 ) 
4 32 35 (-560 500 28 ) (-560 500 4 ) (0 500 4 ) (0 500 28 ) 
4 33 35 (-512 500 -8 ) (0 500 -8 ) (0 500 4 ) (-544 500 4 ) 
4 33 34 (0 500 -8 ) (-512 500 -8 ) (-512 604 -8 ) (0 604 -8 ) 
4 34 48 (-560 500 -64 ) (-560 604 -64 ) (0 604 -64 ) (0 500 -64 ) 
4 34 43 (-560 512 -64 ) (-560 500 -64 ) (-560 500 -12 ) (-560 512 -12 ) 
4 34 42 (-560 592 -64 ) (-560 512 -64 ) (-560 512 -8 ) (-560 592 -8 ) 
4 34 40 (-560 604 -12 ) (-560 604 -64 ) (-560 592 -64 ) (-560 592 -12 ) 
4 34 35 (-560 500 -8 ) (-560 500 -64 ) (0 500 -64 ) (0 500 -8 ) 
4 35 48 (-560 256 -64 ) (-560 500 -64 ) (0 500 -64 ) (0 256 -64 ) 
4 35 43 (-560 500 -12 ) (-560 500 -64 ) (-560 256 -64 ) (-560 256 -12 ) 
4 35 38 (-448 256 -64 ) (-432 256 -64 ) (-432 256 0 ) (-448 256 0 ) 
4 35 39 (-560 256 28 ) (-560 256 -64 ) (-448 256 -64 ) (-448 256 28 ) 
4 35 36 (-432 256 -64 ) (0 256 -64 ) (0 256 0 ) (-432 256 0 ) 
4 36 48 (-432 240 -64 ) (-432 256 -64 ) (0 256 -64 ) (0 240 -64 ) 
4 36 38 (-432 256 0 ) (-432 256 -64 ) (-432 240 -64 ) (-432 240 0 ) 
4 36 37 (-432 240 0 ) (-432 240 -64 ) (0 240 -64 ) (0 240 0 ) 
4 37 83 (0 0 -64 ) (0 0 0 ) (-432 0 0 ) (-432 0 -64 ) 
4 37 78 (0 0 0 ) (0 0 28 ) (-432 0 28 ) (-432 0 0 ) 
4 37 48 (0 0 -64 ) (-432 0 -64 ) (-432 240 -64 ) (0 240 -64 ) 
4 37 38 (-432 240 -64 ) (-432 0 -64 ) (-432 0 0 ) (-432 240 0 ) 
4 38 83 (-448 0 0 ) (-448 0 -64 ) (-432 0 -64 ) (-432 0 0 ) 
4 38 48 (-432 0 -64 ) (-448 0 -64 ) (-448 256 -64 ) (-432 256 -64 ) 
4 38 39 (-448 256 0 ) (-448 256 -64 ) (-448 0 -64 ) (-448 0 0 ) 
4 39 83 (-560 0 0 ) (-560 0 -64 ) (-448 0 -64 ) (-448 0 0 ) 
4 39 79 (-448 0 28 ) (-560 0 28 ) (-560 0 0 ) (-448 0 0 ) 
4 39 48 (-448 0 -64 ) (-560 0 -64 ) (-560 256 -64 ) (-448 256 -64 ) 
4 39 43 (-560 256 -12 ) (-560 256 -64 ) (-560 32 -64 ) (-560 32 -12 ) 
4 39 44 (-560 0 28 ) (-560 32 28 ) (-560 32 -64 ) (-560 0 -64 ) 
4 40 48 (-576 592 -64 ) (-576 752 -64 ) (-560 752 -64 ) (-560 592 -64 ) 
4 40 42 (-576 592 -12 ) (-576 592 -64 ) (-560 592 -64 ) (-560 592 -12 ) 
4 41 45 (-576 512 28 ) (-576 592 28 ) (-576 592 12 ) (-576 512 12 ) 
4 42 48 (-576 512 -64 ) (-576 592 -64 ) (-560 592 -64 ) (-560 512 -64 ) 
4 42 43 (-576 512 -12 ) (-576 512 -64 ) (-560 512 -64 ) (-560 512 -12 ) 
4 43 48 (-576 32 -64 ) (-576 512 -64 ) (-560 512 -64 ) (-560 32 -64 ) 
4 43 46 (-576 48 -64 ) (-576 32 -64 ) (-576 32 -12 ) (-576 48 -12 ) 
4 43 44 (-576 32 -12 ) (-576 32 -64 ) (-560 32 -64 ) (-560 32 -12 ) 
4 44 83 (-576 0 0 ) (-576 0 -64 ) (-560 0 -64 ) (-560 0 0 ) 
4 44 79 (-560 0 28 ) (-576 0 28 ) (-576 0 0 ) (-560 0 0 ) 
4 44 48 (-560 0 -64 ) (-576 0 -64 ) (-576 32 -64 ) (-560 32 -64 ) 
4 44 47 (-576 0 28 ) (-576 32 28 ) (-576 32 -64 ) (-576 0 -64 ) 
4 45 51 (-880 352 28 ) (-880 448 28 ) (-880 448 4 ) (-880 352 4 ) 
4 46 54 (-880 48 -12 ) (-880 48 -64 ) (-880 32 -64 ) (-880 32 -12 ) 
4 46 48 (-880 32 -64 ) (-880 48 -64 ) (-576 48 -64 ) (-576 32 -64 ) 
4 46 47 (-880 32 -64 ) (-576 32 -64 ) (-576 32 -12 ) (-880 32 -12 ) 
4 47 83 (-880 0 0 ) (-880 0 -64 ) (-576 0 -64 ) (-576 0 0 ) 
4 47 79 (-576 0 28 ) (-880 0 28 ) (-880 0 0 ) (-576 0 0 ) 
4 47 54 (-880 0 -64 ) (-880 0 0 ) (-880 32 0 ) (-880 32 -64 ) 
4 47 53 (-880 0 0 ) (-880 0 28 ) (-880 32 28 ) (-880 32 0 ) 
4 47 48 (-576 0 -64 ) (-880 0 -64 ) (-880 32 -64 ) (-576 32 -64 ) 
4 48 83 (0 0 -128 ) (0 0 -64 ) (-880 0 -64 ) (-880 0 -128 ) 
4 48 54 (-880 0 -128 ) (-880 0 -64 ) (-880 352 -64 ) (-880 352 -128 ) 
4 48 52 (-880 352 -64 ) (-880 448 -64 ) (-880 448 -128 ) (-880 352 -128 ) 
4 48 50 (-880 448 -64 ) (-880 768 -64 ) (-880 768 -128 ) (-880 448 -128 ) 
4 49 55 (-896 768 160 ) (-896 1024 160 ) (-896 1024 0 ) (-896 768 0 ) 
4 49 50 (-896 768 0 ) (-896 1024 0 ) (-880 1024 0 ) (-880 768 0 ) 
4 50 69 (-896 448 -128 ) (-896 448 -64 ) (-896 1024 -64 ) (-896 1024 -128 ) 
4 50 59 (-896 496 0 ) (-896 512 0 ) (-896 512 -64 ) (-896 496 -64 ) 
4 50 56 (-896 752 0 ) (-896 768 0 ) (-896 768 -64 ) (-896 752 -64 ) 
4 50 55 (-896 768 0 ) (-896 1024 0 ) (-896 1024 -64 ) (-896 768 -64 ) 
4 50 52 (-896 448 -64 ) (-896 448 -128 ) (-880 448 -128 ) (-880 448 -64 ) 
4 51 60 (-896 352 4 ) (-896 352 128 ) (-896 448 128 ) (-896 448 4 ) 
4 52 69 (-896 352 -128 ) (-896 352 -64 ) (-896 448 -64 ) (-896 448 -128 ) 
4 52 54 (-896 352 -64 ) (-896 352 -128 ) (-880 352 -128 ) (-880 352 -64 ) 
4 53 79 (-880 0 0 ) (-880 0 160 ) (-896 0 160 ) (-896 0 0 ) 
4 53 71 (-896 0 0 ) (-896 0 160 ) (-896 32 160 ) (-896 32 0 ) 
4 53 54 (-896 0 0 ) (-896 32 0 ) (-880 32 0 ) (-880 0 0 ) 
4 54 83 (-880 0 -128 ) (-880 0 0 ) (-896 0 0 ) (-896 0 -128 ) 
4 54 70 (-896 32 0 ) (-896 48 0 ) (-896 48 -128 ) (-896 32 -128 ) 
4 54 71 (-896 0 -128 ) (-896 0 0 ) (-896 32 0 ) (-896 32 -128 ) 
4 54 69 (-896 352 -64 ) (-896 352 -128 ) (-896 48 -128 ) (-896 48 -64 ) 
4 55 95 (-1024 1024 0 ) (-1024 1024 -64 ) (-1024 768 -64 ) (-1024 768 0 ) 
4 55 94 (-1024 768 160 ) (-1024 1024 160 ) (-1024 1024 0 ) (-1024 768 0 ) 
4 55 69 (-1024 768 -64 ) (-1024 1024 -64 ) (-896 1024 -64 ) (-896 768 -64 ) 
4 55 56 (-1024 768 -64 ) (-896 768 -64 ) (-896 768 0 ) (-1024 768 0 ) 
4 56 95 (-1024 768 0 ) (-1024 768 -64 ) (-1024 752 -64 ) (-1024 752 0 ) 
4 56 69 (-1024 752 -64 ) (-1024 768 -64 ) (-896 768 -64 ) (-896 752 -64 ) 
4 57 97 (-1024 752 144 ) (-1024 752 4 ) (-1024 544 4 ) (-1024 544 144 ) 
4 57 96 (-1024 544 160 ) (-1024 752 160 ) (-1024 752 144 ) (-1024 544 144 ) 
4 57 58 (-1024 544 4 ) (-896 544 4 ) (-896 544 144 ) (-1024 544 144 ) 
4 58 97 (-1024 544 144 ) (-1024 544 4 ) (-1024 512 4 ) (-1024 512 144 ) 
4 59 99 (-1024 512 0 ) (-1024 512 -64 ) (-1024 496 -64 ) (-1024 496 0 ) 
4 59 69 (-1024 496 -64 ) (-1024 512 -64 ) (-896 512 -64 ) (-896 496 -64 ) 
4 60 107 (-1024 496 144 ) (-1024 496 4 ) (-1024 128 4 ) (-1024 128 144 ) 
4 60 67 (-992 128 16 ) (-992 128 4 ) (-972 128 4 ) (-972 128 16 ) 
4 60 66 (-896 128 4 ) (-896 128 20 ) (-972 128 20 ) (-972 128 4 ) 
4 60 68 (-992 128 20 ) (-1024 128 20 ) (-1024 128 4 ) (-992 128 4 ) 
4 60 64 (-1012 128 144 ) (-1024 128 144 ) (-1024 128 52 ) (-1012 128 52 ) 
4 60 65 (-1024 128 48 ) (-1024 128 20 ) (-1012 128 20 ) (-1012 128 48 ) 
4 60 62 (-992 128 144 ) (-1012 128 144 ) (-1012 128 36 ) (-992 128 36 ) 
4 60 63 (-1012 128 32 ) (-1012 128 20 ) (-992 128 20 ) (-992 128 32 ) 
4 60 61 (-896 128 20 ) (-896 128 144 ) (-992 128 144 ) (-992 128 20 ) 
4 61 66 (-896 48 20 ) (-972 48 20 ) (-972 128 20 ) (-896 128 20 ) 
4 61 62 (-992 128 160 ) (-992 128 36 ) (-992 48 36 ) (-992 48 160 ) 
4 61 63 (-992 128 32 ) (-992 128 20 ) (-992 48 20 ) (-992 48 32 ) 
4 62 64 (-1012 128 160 ) (-1012 128 52 ) (-1012 48 52 ) (-1012 48 160 ) 
4 62 65 (-1012 128 48 ) (-1012 128 36 ) (-1012 48 36 ) (-1012 48 48 ) 
4 63 68 (-992 48 20 ) (-1012 48 20 ) (-1012 128 20 ) (-992 128 20 ) 
4 63 65 (-1012 128 32 ) (-1012 128 20 ) (-1012 48 20 ) (-1012 48 32 ) 
4 64 121 (-1024 48 52 ) (-1024 48 80 ) (-1024 128 80 ) (-1024 128 52 ) 
4 64 112 (-1024 48 80 ) (-1024 48 144 ) (-1024 128 144 ) (-1024 128 80 ) 
4 64 109 (-1024 48 144 ) (-1024 48 160 ) (-1024 128 160 ) (-1024 128 144 ) 
4 65 125 (-1024 48 20 ) (-1024 48 48 ) (-1024 128 48 ) (-1024 128 20 ) 
4 65 68 (-1012 48 20 ) (-1024 48 20 ) (-1024 128 20 ) (-1012 128 20 ) 
4 66 67 (-972 128 4 ) (-972 48 4 ) (-972 48 16 ) (-972 128 16 ) 
4 67 68 (-992 128 4 ) (-992 48 4 ) (-992 48 16 ) (-992 128 16 ) 
4 68 125 (-1024 48 4 ) (-1024 48 20 ) (-1024 128 20 ) (-1024 128 4 ) 
4 69 126 (-1024 48 -128 ) (-1024 48 -64 ) (-1024 128 -64 ) (-1024 128 -128 ) 
4 69 108 (-1024 128 -64 ) (-1024 496 -64 ) (-1024 496 -128 ) (-1024 128 -128 ) 
4 69 99 (-1024 496 -64 ) (-1024 512 -64 ) (-1024 512 -128 ) (-1024 496 -128 ) 
4 69 98 (-1024 512 -64 ) (-1024 752 -64 ) (-1024 752 -128 ) (-1024 512 -128 ) 
4 69 95 (-1024 752 -64 ) (-1024 1024 -64 ) (-1024 1024 -128 ) (-1024 752 -128 ) 
4 69 70 (-896 48 -128 ) (-896 48 -64 ) (-1024 48 -64 ) (-1024 48 -128 ) 
4 70 127 (-1024 48 0 ) (-1024 48 -128 ) (-1024 32 -128 ) (-1024 32 0 ) 
4 70 71 (-1024 32 -128 ) (-896 32 -128 ) (-896 32 0 ) (-1024 32 0 ) 
4 71 128 (-1024 0 -128 ) (-1024 0 160 ) (-1024 32 160 ) (-1024 32 -128 ) 
4 71 83 (-896 0 -128 ) (-896 0 0 ) (-1024 0 0 ) (-1024 0 -128 ) 
4 71 79 (-896 0 0 ) (-896 0 160 ) (-1024 0 160 ) (-1024 0 0 ) 
4 72 84 (480 -1024 784 ) (48 -1024 784 ) (48 -1024 -128 ) (480 -1024 -128 ) 
4 72 74 (48 -528 160 ) (48 -528 784 ) (48 -512 784 ) (48 -512 160 ) 
4 72 75 (48 -512 -128 ) (48 -528 -128 ) (48 -528 0 ) (48 -512 0 ) 
4 72 73 (48 0 -128 ) (48 -512 -128 ) (48 -512 784 ) (48 0 784 ) 
4 72 76 (48 -528 -128 ) (48 -1024 -128 ) (48 -1024 784 ) (48 -528 784 ) 
4 73 83 (0 0 0 ) (0 0 -128 ) (0 -512 -128 ) (0 -512 0 ) 
4 73 80 (0 -384 0 ) (0 -512 0 ) (0 -512 160 ) (0 -384 160 ) 
4 73 78 (0 0 160 ) (0 0 0 ) (0 -384 0 ) (0 -384 160 ) 
4 73 77 (0 0 784 ) (0 0 160 ) (0 -512 160 ) (0 -512 784 ) 
4 73 74 (48 -512 160 ) (48 -512 784 ) (0 -512 784 ) (0 -512 160 ) 
4 73 75 (0 -512 -128 ) (48 -512 -128 ) (48 -512 0 ) (0 -512 0 ) 
4 74 77 (0 -528 160 ) (0 -528 784 ) (0 -512 784 ) (0 -512 160 ) 
4 74 76 (48 -528 160 ) (48 -528 784 ) (0 -528 784 ) (0 -528 160 ) 
4 75 83 (0 -512 -128 ) (0 -528 -128 ) (0 -528 0 ) (0 -512 0 ) 
4 75 76 (0 -528 -128 ) (48 -528 -128 ) (48 -528 0 ) (0 -528 0 ) 
4 76 84 (48 -1024 784 ) (0 -1024 784 ) (0 -1024 -128 ) (48 -1024 -128 ) 
4 76 83 (0 -528 -128 ) (0 -1024 -128 ) (0 -1024 0 ) (0 -528 0 ) 
4 76 81 (0 -1024 0 ) (0 -1024 160 ) (0 -528 160 ) (0 -528 0 ) 
4 76 77 (0 -1024 160 ) (0 -1024 784 ) (0 -528 784 ) (0 -528 160 ) 
4 77 234 (-1024 -1024 160 ) (-1024 -1024 784 ) (-1024 -48 784 ) (-1024 -48 160 ) 
4 77 229 (-1024 0 224 ) (-1024 0 160 ) (-1024 -48 160 ) (-1024 -48 224 ) 
4 77 228 (-1024 0 240 ) (-1024 0 224 ) (-1024 -48 224 ) (-1024 -48 240 ) 
4 77 227 (-1024 -48 784 ) (-1024 0 784 ) (-1024 0 240 ) (-1024 -48 240 ) 
4 77 85 (-1024 -1024 784 ) (-1024 -1024 160 ) (0 -1024 160 ) (0 -1024 784 ) 
4 77 80 (-976 -512 160 ) (-976 -384 160 ) (0 -384 160 ) (0 -512 160 ) 
4 77 81 (0 -1024 160 ) (-976 -1024 160 ) (-976 -528 160 ) (0 -528 160 ) 
4 77 82 (-976 -1024 160 ) (-1024 -1024 160 ) (-1024 -384 160 ) (-976 -384 160 ) 
4 77 78 (-432 0 160 ) (0 0 160 ) (0 -384 160 ) (-432 -384 160 ) 
4 77 79 (-1024 -384 160 ) (-1024 0 160 ) (-448 0 160 ) (-448 -384 160 ) 
4 78 83 (-432 0 0 ) (0 0 0 ) (0 -384 0 ) (-432 -384 0 ) 
4 78 80 (-432 -384 0 ) (0 -384 0 ) (0 -384 160 ) (-432 -384 160 ) 
4 79 234 (-1024 -384 160 ) (-1024 -48 160 ) (-1024 -48 0 ) (-1024 -384 0 ) 
4 79 229 (-1024 -48 160 ) (-1024 0 160 ) (-1024 0 0 ) (-1024 -48 0 ) 
4 79 83 (-1024 -384 0 ) (-1024 0 0 ) (-448 0 0 ) (-448 -384 0 ) 
4 79 80 (-976 -384 0 ) (-448 -384 0 ) (-448 -384 160 ) (-976 -384 160 ) 
4 79 82 (-1024 -384 0 ) (-976 -384 0 ) (-976 -384 160 ) (-1024 -384 160 ) 
4 80 83 (-976 -384 0 ) (0 -384 0 ) (0 -512 0 ) (-976 -512 0 ) 
4 80 82 (-976 -384 160 ) (-976 -384 0 ) (-976 -512 0 ) (-976 -512 160 ) 
4 81 85 (-976 -1024 0 ) (0 -1024 0 ) (0 -1024 160 ) (-976 -1024 160 ) 
4 81 83 (0 -528 0 ) (0 -1024 0 ) (-976 -1024 0 ) (-976 -528 0 ) 
4 81 82 (-976 -528 0 ) (-976 -1024 0 ) (-976 -1024 160 ) (-976 -528 160 ) 
4 82 234 (-1024 -1024 0 ) (-1024 -1024 160 ) (-1024 -384 160 ) (-1024 -384 0 ) 
4 82 85 (-1024 -1024 160 ) (-1024 -1024 0 ) (-976 -1024 0 ) (-976 -1024 160 ) 
4 82 83 (-1024 -1024 0 ) (-1024 -384 0 ) (-976 -384 0 ) (-976 -1024 0 ) 
4 83 253 (-1024 -1024 -128 ) (-1024 -1024 -112 ) (-1024 0 -112 ) (-1024 0 -128 ) 
4 83 249 (-1024 -272 -18 ) (-1024 0 -18 ) (-1024 0 -112 ) (-1024 -272 -112 ) 
4 83 252 (-1024 -1024 -112 ) (-1024 -1024 -18 ) (-1024 -272 -18 ) (-1024 -272 -112 ) 
4 83 245 (-1024 -1024 -18 ) (-1024 -1024 0 ) (-1024 0 0 ) (-1024 0 -18 ) 
4 83 85 (-1024 -1024 0 ) (-1024 -1024 -128 ) (0 -1024 -128 ) (0 -1024 0 ) 
4 84 85 (0 -1024 784 ) (0 -1024 -128 ) (0 -1120 -128 ) (0 -1120 784 ) 
4 85 274 (-1024 -1120 784 ) (-1024 -1024 784 ) (-1024 -1024 -128 ) (-1024 -1120 -128 ) 
4 86 178 (-1920 1024 -128 ) (-1572 1024 -128 ) (-1572 1024 -112 ) (-1920 1024 -112 ) 
4 86 177 (-1572 1024 -128 ) (-1408 1024 -128 ) (-1408 1024 -112 ) (-1572 1024 -112 ) 
4 86 179 (-2048 1024 -112 ) (-2048 1024 -128 ) (-1920 1024 -128 ) (-1920 1024 -112 ) 
4 86 173 (-2048 1024 -18 ) (-2048 1024 -112 ) (-1408 1024 -112 ) (-1408 1024 -18 ) 
4 86 170 (-1920 1024 -18 ) (-1572 1024 -18 ) (-1572 1024 0 ) (-1920 1024 0 ) 
4 86 169 (-1572 1024 -18 ) (-1408 1024 -18 ) (-1408 1024 0 ) (-1572 1024 0 ) 
4 86 172 (-2048 1024 0 ) (-2048 1024 -18 ) (-1920 1024 -18 ) (-1920 1024 0 ) 
4 86 134 (-2048 1024 224 ) (-2048 1024 0 ) (-1424 1024 0 ) (-1424 1024 224 ) 
4 86 133 (-1424 1024 784 ) (-2048 1024 784 ) (-2048 1024 224 ) (-1424 1024 224 ) 
4 86 131 (-1424 1024 160 ) (-1424 1024 0 ) (-1408 1024 0 ) (-1408 1024 160 ) 
4 86 130 (-1424 1024 224 ) (-1424 1024 160 ) (-1408 1024 160 ) (-1408 1024 224 ) 
4 86 129 (-1408 1024 784 ) (-1424 1024 784 ) (-1424 1024 224 ) (-1408 1024 224 ) 
4 86 95 (-1024 1024 -128 ) (-1024 1024 0 ) (-1408 1024 0 ) (-1408 1024 -128 ) 
4 86 94 (-1024 1024 0 ) (-1024 1024 160 ) (-1408 1024 160 ) (-1408 1024 0 ) 
4 86 89 (-1024 1024 160 ) (-1024 1024 192 ) (-1408 1024 192 ) (-1408 1024 160 ) 
4 86 88 (-1024 1024 192 ) (-1024 1024 784 ) (-1408 1024 784 ) (-1408 1024 192 ) 
4 86 87 (-2048 1536 -128 ) (-2048 1024 -128 ) (-2048 1024 784 ) (-2048 1536 784 ) 
4 87 225 (-3072 1024 -128 ) (-3072 1024 784 ) (-3072 1536 784 ) (-3072 1536 -128 ) 
4 87 224 (-3072 1024 0 ) (-3072 1024 -128 ) (-2682 1024 -128 ) (-2682 1024 0 ) 
4 87 219 (-2682 1024 -128 ) (-2368 1024 -128 ) (-2368 1024 0 ) (-2682 1024 0 ) 
4 87 207 (-2816 1024 0 ) (-2368 1024 0 ) (-2368 1024 160 ) (-2816 1024 160 ) 
4 87 208 (-3072 1024 160 ) (-3072 1024 0 ) (-2816 1024 0 ) (-2816 1024 160 ) 
4 87 206 (-3072 1024 784 ) (-3072 1024 160 ) (-2368 1024 160 ) (-2368 1024 784 ) 
4 87 184 (-2368 1024 -128 ) (-2048 1024 -128 ) (-2048 1024 0 ) (-2368 1024 0 ) 
4 87 181 (-2048 1024 0 ) (-2048 1024 160 ) (-2368 1024 160 ) (-2368 1024 0 ) 
4 87 180 (-2048 1024 160 ) (-2048 1024 784 ) (-2368 1024 784 ) (-2368 1024 160 ) 
4 88 229 (-1024 0 192 ) (-1024 0 224 ) (-1408 0 224 ) (-1408 0 192 ) 
4 88 228 (-1024 0 224 ) (-1024 0 240 ) (-1408 0 240 ) (-1408 0 224 ) 
4 88 227 (-1024 0 240 ) (-1024 0 784 ) (-1408 0 784 ) (-1408 0 240 ) 
4 88 130 (-1408 752 224 ) (-1408 1024 224 ) (-1408 1024 192 ) (-1408 752 192 ) 
4 88 129 (-1408 0 224 ) (-1408 0 784 ) (-1408 1024 784 ) (-1408 1024 224 ) 
4 88 92 (-1408 48 192 ) (-1408 128 192 ) (-1024 128 192 ) (-1024 48 192 ) 
4 88 93 (-1408 0 192 ) (-1408 32 192 ) (-1024 32 192 ) (-1024 0 192 ) 
4 88 91 (-1328 144 192 ) (-1248 144 192 ) (-1248 128 192 ) (-1328 128 192 ) 
4 88 89 (-1408 544 192 ) (-1408 1024 192 ) (-1024 1024 192 ) (-1024 544 192 ) 
4 88 90 (-1408 144 192 ) (-1408 528 192 ) (-1024 528 192 ) (-1024 144 192 ) 
4 89 130 (-1408 752 192 ) (-1408 1024 192 ) (-1408 1024 160 ) (-1408 752 160 ) 
4 89 103 (-1408 544 160 ) (-1408 752 160 ) (-1344 752 160 ) (-1344 544 160 ) 
4 89 100 (-1344 752 160 ) (-1248 752 160 ) (-1248 544 160 ) (-1344 544 160 ) 
4 89 96 (-1248 752 160 ) (-1024 752 160 ) (-1024 544 160 ) (-1248 544 160 ) 
4 89 94 (-1408 768 160 ) (-1408 1024 160 ) (-1024 1024 160 ) (-1024 768 160 ) 
4 90 91 (-1328 144 160 ) (-1248 144 160 ) (-1248 144 192 ) (-1328 144 192 ) 
4 91 92 (-1328 128 160 ) (-1248 128 160 ) (-1248 128 192 ) (-1328 128 192 ) 
4 92 110 (-1152 128 160 ) (-1132 128 160 ) (-1132 48 160 ) (-1152 48 160 ) 
4 92 109 (-1132 128 160 ) (-1024 128 160 ) (-1024 48 160 ) (-1132 48 160 ) 
4 93 229 (-1024 0 160 ) (-1024 0 192 ) (-1408 0 192 ) (-1408 0 160 ) 
4 93 128 (-1024 0 160 ) (-1408 0 160 ) (-1408 32 160 ) (-1024 32 160 ) 
4 94 131 (-1408 768 160 ) (-1408 1024 160 ) (-1408 1024 0 ) (-1408 768 0 ) 
4 94 95 (-1408 768 0 ) (-1408 1024 0 ) (-1024 1024 0 ) (-1024 768 0 ) 
4 95 177 (-1408 752 -128 ) (-1408 752 -112 ) (-1408 1024 -112 ) (-1408 1024 -128 ) 
4 95 173 (-1408 752 -112 ) (-1408 752 -18 ) (-1408 1024 -18 ) (-1408 1024 -112 ) 
4 95 169 (-1408 752 -18 ) (-1408 752 0 ) (-1408 1024 0 ) (-1408 1024 -18 ) 
4 95 105 (-1408 752 -64 ) (-1408 752 -128 ) (-1344 752 -128 ) (-1344 752 -64 ) 
4 95 102 (-1344 752 -128 ) (-1248 752 -128 ) (-1248 752 -64 ) (-1344 752 -64 ) 
4 95 98 (-1248 752 -128 ) (-1024 752 -128 ) (-1024 752 -64 ) (-1248 752 -64 ) 
4 96 100 (-1248 752 160 ) (-1248 752 144 ) (-1248 544 144 ) (-1248 544 160 ) 
4 96 97 (-1248 544 144 ) (-1248 752 144 ) (-1024 752 144 ) (-1024 544 144 ) 
4 97 101 (-1248 752 144 ) (-1248 752 4 ) (-1248 512 4 ) (-1248 512 144 ) 
4 98 102 (-1248 752 -64 ) (-1248 752 -128 ) (-1248 512 -128 ) (-1248 512 -64 ) 
4 98 99 (-1248 512 -64 ) (-1248 512 -128 ) (-1024 512 -128 ) (-1024 512 -64 ) 
4 99 108 (-1024 496 -128 ) (-1024 496 -64 ) (-1248 496 -64 ) (-1248 496 -128 ) 
4 99 102 (-1248 496 -128 ) (-1248 496 -64 ) (-1248 512 -64 ) (-1248 512 -128 ) 
4 100 103 (-1344 752 160 ) (-1344 752 144 ) (-1344 544 144 ) (-1344 544 160 ) 
4 100 101 (-1344 544 144 ) (-1344 752 144 ) (-1248 752 144 ) (-1248 544 144 ) 
4 101 107 (-1344 496 144 ) (-1344 496 4 ) (-1248 496 4 ) (-1248 496 144 ) 
4 101 104 (-1344 752 144 ) (-1344 752 4 ) (-1344 512 4 ) (-1344 512 144 ) 
4 102 108 (-1344 496 -64 ) (-1344 496 -128 ) (-1248 496 -128 ) (-1248 496 -64 ) 
4 102 106 (-1344 512 -128 ) (-1344 496 -128 ) (-1344 496 -64 ) (-1344 512 -64 ) 
4 102 105 (-1344 752 -64 ) (-1344 752 -128 ) (-1344 512 -128 ) (-1344 512 -64 ) 
4 103 104 (-1408 544 144 ) (-1408 752 144 ) (-1344 752 144 ) (-1344 544 144 ) 
4 105 177 (-1408 512 -128 ) (-1408 512 -112 ) (-1408 752 -112 ) (-1408 752 -128 ) 
4 105 173 (-1408 512 -112 ) (-1408 512 -64 ) (-1408 752 -64 ) (-1408 752 -112 ) 
4 105 106 (-1344 512 -128 ) (-1344 512 -64 ) (-1408 512 -64 ) (-1408 512 -128 ) 
4 106 177 (-1408 496 -128 ) (-1408 496 -112 ) (-1408 512 -112 ) (-1408 512 -128 ) 
4 106 173 (-1408 496 -112 ) (-1408 496 -18 ) (-1408 512 -18 ) (-1408 512 -112 ) 
4 106 169 (-1408 496 -18 ) (-1408 496 0 ) (-1408 512 0 ) (-1408 512 -18 ) 
4 106 108 (-1408 496 -64 ) (-1408 496 -128 ) (-1344 496 -128 ) (-1344 496 -64 ) 
4 107 132 (-1408 224 144 ) (-1408 336 144 ) (-1408 336 8 ) (-1408 224 8 ) 
4 107 125 (-1408 128 48 ) (-1408 128 4 ) (-1024 128 4 ) (-1024 128 48 ) 
4 107 122 (-1032 128 68 ) (-1032 128 80 ) (-1052 128 80 ) (-1052 128 68 ) 
4 107 123 (-1052 128 48 ) (-1032 128 48 ) (-1032 128 64 ) (-1052 128 64 ) 
4 107 124 (-1408 128 80 ) (-1408 128 48 ) (-1052 128 48 ) (-1052 128 80 ) 
4 107 121 (-1024 128 52 ) (-1024 128 80 ) (-1032 128 80 ) (-1032 128 52 ) 
4 107 118 (-1112 128 132 ) (-1112 128 144 ) (-1132 128 144 ) (-1132 128 132 ) 
4 107 119 (-1132 128 80 ) (-1112 128 80 ) (-1112 128 128 ) (-1132 128 128 ) 
4 107 120 (-1408 128 144 ) (-1408 128 80 ) (-1132 128 80 ) (-1132 128 144 ) 
4 107 116 (-1092 128 116 ) (-1092 128 144 ) (-1112 128 144 ) (-1112 128 116 ) 
4 107 117 (-1112 128 80 ) (-1092 128 80 ) (-1092 128 112 ) (-1112 128 112 ) 
4 107 114 (-1072 128 100 ) (-1072 128 144 ) (-1092 128 144 ) (-1092 128 100 ) 
4 107 115 (-1092 128 80 ) (-1072 128 80 ) (-1072 128 96 ) (-1092 128 96 ) 
4 107 113 (-1052 128 84 ) (-1052 128 144 ) (-1072 128 144 ) (-1072 128 84 ) 
4 107 112 (-1052 128 80 ) (-1024 128 80 ) (-1024 128 144 ) (-1052 128 144 ) 
4 108 177 (-1408 128 -128 ) (-1408 128 -112 ) (-1408 496 -112 ) (-1408 496 -128 ) 
4 108 173 (-1408 128 -112 ) (-1408 128 -64 ) (-1408 496 -64 ) (-1408 496 -112 ) 
4 108 126 (-1408 128 -64 ) (-1408 128 -128 ) (-1024 128 -128 ) (-1024 128 -64 ) 
4 109 118 (-1112 48 144 ) (-1132 48 144 ) (-1132 128 144 ) (-1112 128 144 ) 
4 109 116 (-1092 48 144 ) (-1112 48 144 ) (-1112 128 144 ) (-1092 128 144 ) 
4 109 114 (-1072 48 144 ) (-1092 48 144 ) (-1092 128 144 ) (-1072 128 144 ) 
4 109 113 (-1052 48 144 ) (-1072 48 144 ) (-1072 128 144 ) (-1052 128 144 ) 
4 109 112 (-1024 48 144 ) (-1052 48 144 ) (-1052 128 144 ) (-1024 128 144 ) 
4 109 110 (-1132 128 160 ) (-1132 128 148 ) (-1132 48 148 ) (-1132 48 160 ) 
4 110 111 (-1152 128 156 ) (-1152 128 148 ) (-1152 48 148 ) (-1152 48 156 ) 
4 111 120 (-1152 48 144 ) (-1172 48 144 ) (-1172 128 144 ) (-1152 128 144 ) 
4 112 122 (-1032 48 80 ) (-1052 48 80 ) (-1052 128 80 ) (-1032 128 80 ) 
4 112 121 (-1024 48 80 ) (-1032 48 80 ) (-1032 128 80 ) (-1024 128 80 ) 
4 112 113 (-1052 48 84 ) (-1052 48 144 ) (-1052 128 144 ) (-1052 128 84 ) 
4 113 114 (-1072 48 100 ) (-1072 48 144 ) (-1072 128 144 ) (-1072 128 100 ) 
4 113 115 (-1072 48 84 ) (-1072 48 96 ) (-1072 128 96 ) (-1072 128 84 ) 
4 114 116 (-1092 48 116 ) (-1092 48 144 ) (-1092 128 144 ) (-1092 128 116 ) 
4 114 117 (-1092 48 100 ) (-1092 48 112 ) (-1092 128 112 ) (-1092 128 100 ) 
4 115 124 (-1072 48 80 ) (-1092 48 80 ) (-1092 128 80 ) (-1072 128 80 ) 
4 115 117 (-1092 128 80 ) (-1092 48 80 ) (-1092 48 96 ) (-1092 128 96 ) 
4 116 118 (-1112 48 132 ) (-1112 48 144 ) (-1112 128 144 ) (-1112 128 132 ) 
4 116 119 (-1112 48 116 ) (-1112 48 128 ) (-1112 128 128 ) (-1112 128 116 ) 
4 117 124 (-1092 48 80 ) (-1112 48 80 ) (-1112 128 80 ) (-1092 128 80 ) 
4 117 119 (-1112 128 80 ) (-1112 48 80 ) (-1112 48 112 ) (-1112 128 112 ) 
4 118 120 (-1132 48 132 ) (-1132 48 144 ) (-1132 128 144 ) (-1132 128 132 ) 
4 119 124 (-1112 48 80 ) (-1132 48 80 ) (-1132 128 80 ) (-1112 128 80 ) 
4 119 120 (-1132 128 80 ) (-1132 48 80 ) (-1132 48 128 ) (-1132 128 128 ) 
4 120 124 (-1132 48 80 ) (-1408 48 80 ) (-1408 128 80 ) (-1132 128 80 ) 
4 121 122 (-1032 48 68 ) (-1032 48 80 ) (-1032 128 80 ) (-1032 128 68 ) 
4 121 123 (-1032 48 52 ) (-1032 48 64 ) (-1032 128 64 ) (-1032 128 52 ) 
4 122 124 (-1052 48 68 ) (-1052 48 80 ) (-1052 128 80 ) (-1052 128 68 ) 
4 123 125 (-1032 48 48 ) (-1052 48 48 ) (-1052 128 48 ) (-1032 128 48 ) 
4 123 124 (-1052 128 48 ) (-1052 48 48 ) (-1052 48 64 ) (-1052 128 64 ) 
4 124 125 (-1052 48 48 ) (-1408 48 48 ) (-1408 128 48 ) (-1052 128 48 ) 
4 126 177 (-1408 48 -128 ) (-1408 48 -112 ) (-1408 128 -112 ) (-1408 128 -128 ) 
4 126 174 (-1408 48 -112 ) (-1408 48 -64 ) (-1408 74 -64 ) (-1408 74 -112 ) 
4 126 173 (-1408 74 -64 ) (-1408 128 -64 ) (-1408 128 -112 ) (-1408 74 -112 ) 
4 126 127 (-1024 48 -128 ) (-1024 48 -64 ) (-1408 48 -64 ) (-1408 48 -128 ) 
4 127 177 (-1408 48 -112 ) (-1408 48 -128 ) (-1408 32 -128 ) (-1408 32 -112 ) 
4 127 174 (-1408 48 -18 ) (-1408 48 -112 ) (-1408 32 -112 ) (-1408 32 -18 ) 
4 127 169 (-1408 48 0 ) (-1408 48 -18 ) (-1408 32 -18 ) (-1408 32 0 ) 
4 127 128 (-1408 32 -128 ) (-1024 32 -128 ) (-1024 32 0 ) (-1408 32 0 ) 
4 128 253 (-1024 0 -128 ) (-1024 0 -112 ) (-1408 0 -112 ) (-1408 0 -128 ) 
4 128 249 (-1024 0 -112 ) (-1024 0 -18 ) (-1408 0 -18 ) (-1408 0 -112 ) 
4 128 245 (-1024 0 -18 ) (-1024 0 0 ) (-1408 0 0 ) (-1408 0 -18 ) 
4 128 229 (-1024 0 0 ) (-1024 0 160 ) (-1408 0 160 ) (-1408 0 0 ) 
4 128 177 (-1408 0 -128 ) (-1408 0 -112 ) (-1408 32 -112 ) (-1408 32 -128 ) 
4 128 174 (-1408 0 -112 ) (-1408 0 -18 ) (-1408 32 -18 ) (-1408 32 -112 ) 
4 128 169 (-1408 0 -18 ) (-1408 0 0 ) (-1408 32 0 ) (-1408 32 -18 ) 
4 129 228 (-1408 0 224 ) (-1408 0 240 ) (-1424 0 240 ) (-1424 0 224 ) 
4 129 227 (-1408 0 240 ) (-1408 0 784 ) (-1424 0 784 ) (-1424 0 240 ) 
4 129 161 (-1424 0 240 ) (-1424 0 784 ) (-1424 336 784 ) (-1424 336 240 ) 
4 129 144 (-1424 336 784 ) (-1424 368 784 ) (-1424 368 240 ) (-1424 336 240 ) 
4 129 137 (-1424 368 784 ) (-1424 640 784 ) (-1424 640 240 ) (-1424 368 240 ) 
4 129 133 (-1424 640 784 ) (-1424 1024 784 ) (-1424 1024 224 ) (-1424 640 224 ) 
4 129 130 (-1424 752 224 ) (-1424 1024 224 ) (-1408 1024 224 ) (-1408 752 224 ) 
4 130 135 (-1424 752 224 ) (-1424 768 224 ) (-1424 768 160 ) (-1424 752 160 ) 
4 130 134 (-1424 768 224 ) (-1424 1024 224 ) (-1424 1024 160 ) (-1424 768 160 ) 
4 130 131 (-1424 768 160 ) (-1424 1024 160 ) (-1408 1024 160 ) (-1408 768 160 ) 
4 131 169 (-1424 1024 0 ) (-1408 1024 0 ) (-1408 768 0 ) (-1424 768 0 ) 
4 131 134 (-1424 1024 0 ) (-1424 768 0 ) (-1424 768 160 ) (-1424 1024 160 ) 
4 132 163 (-1424 224 8 ) (-1424 224 32 ) (-1424 336 32 ) (-1424 336 8 ) 
4 132 162 (-1424 224 32 ) (-1424 224 144 ) (-1424 336 144 ) (-1424 336 32 ) 
4 133 183 (-2048 656 224 ) (-2048 640 224 ) (-2048 640 784 ) (-2048 656 784 ) 
4 133 180 (-2048 1024 784 ) (-2048 1024 224 ) (-2048 656 224 ) (-2048 656 784 ) 
4 133 154 (-2048 640 784 ) (-2048 640 240 ) (-2000 640 240 ) (-2000 640 784 ) 
4 133 148 (-1856 640 240 ) (-1856 640 784 ) (-2000 640 784 ) (-2000 640 240 ) 
4 133 137 (-1424 640 240 ) (-1424 640 784 ) (-1856 640 784 ) (-1856 640 240 ) 
4 133 135 (-2048 752 224 ) (-2048 768 224 ) (-1424 768 224 ) (-1424 752 224 ) 
4 133 134 (-2048 768 224 ) (-2048 1024 224 ) (-1424 1024 224 ) (-1424 768 224 ) 
4 133 136 (-2048 656 224 ) (-2048 752 224 ) (-1424 752 224 ) (-1424 656 224 ) 
4 134 181 (-2048 1024 160 ) (-2048 1024 0 ) (-2048 768 0 ) (-2048 768 160 ) 
4 134 180 (-2048 1024 224 ) (-2048 1024 160 ) (-2048 768 160 ) (-2048 768 224 ) 
4 134 170 (-1920 1024 0 ) (-1572 1024 0 ) (-1572 768 0 ) (-1920 768 0 ) 
4 134 169 (-1572 1024 0 ) (-1424 1024 0 ) (-1424 768 0 ) (-1572 768 0 ) 
4 134 172 (-2048 768 0 ) (-2048 1024 0 ) (-1920 1024 0 ) (-1920 768 0 ) 
4 134 135 (-1424 768 160 ) (-1424 768 224 ) (-2048 768 224 ) (-2048 768 160 ) 
4 135 180 (-2048 752 160 ) (-2048 752 224 ) (-2048 768 224 ) (-2048 768 160 ) 
4 135 136 (-1424 752 160 ) (-1424 752 224 ) (-2048 752 224 ) (-2048 752 160 ) 
4 136 182 (-2048 752 0 ) (-2048 656 0 ) (-2048 656 160 ) (-2048 752 160 ) 
4 136 180 (-2048 656 160 ) (-2048 656 224 ) (-2048 752 224 ) (-2048 752 160 ) 
4 136 170 (-1920 752 0 ) (-1572 752 0 ) (-1572 656 0 ) (-1920 656 0 ) 
4 136 169 (-1572 752 0 ) (-1424 752 0 ) (-1424 656 0 ) (-1572 656 0 ) 
4 136 172 (-2048 656 0 ) (-2048 752 0 ) (-1920 752 0 ) (-1920 656 0 ) 
4 137 148 (-1856 640 784 ) (-1856 640 240 ) (-1856 368 240 ) (-1856 368 784 ) 
4 137 144 (-1856 368 784 ) (-1856 368 240 ) (-1424 368 240 ) (-1424 368 784 ) 
4 138 139 (-1776 640 28 ) (-1776 384 28 ) (-1776 384 224 ) (-1776 640 224 ) 
4 139 149 (-1856 640 224 ) (-1856 640 28 ) (-1856 384 28 ) (-1856 384 224 ) 
4 139 140 (-1856 384 28 ) (-1776 384 28 ) (-1776 384 160 ) (-1856 384 160 ) 
4 140 145 (-1856 368 160 ) (-1856 368 32 ) (-1776 368 32 ) (-1776 368 160 ) 
4 141 170 (-1776 640 0 ) (-1572 640 0 ) (-1572 384 0 ) (-1776 384 0 ) 
4 141 169 (-1572 640 0 ) (-1424 640 0 ) (-1424 384 0 ) (-1572 384 0 ) 
4 141 143 (-1776 640 16 ) (-1776 640 0 ) (-1776 384 0 ) (-1776 384 16 ) 
4 141 142 (-1776 384 16 ) (-1776 384 0 ) (-1424 384 0 ) (-1424 384 16 ) 
4 142 170 (-1572 368 0 ) (-1776 368 0 ) (-1776 384 0 ) (-1572 384 0 ) 
4 142 169 (-1424 384 0 ) (-1424 368 0 ) (-1572 368 0 ) (-1572 384 0 ) 
4 142 147 (-1776 368 0 ) (-1472 368 0 ) (-1472 368 20 ) (-1776 368 20 ) 
4 142 146 (-1472 368 0 ) (-1424 368 0 ) (-1424 368 8 ) (-1472 368 8 ) 
4 142 143 (-1776 368 0 ) (-1776 368 16 ) (-1776 384 16 ) (-1776 384 0 ) 
4 143 170 (-1856 640 0 ) (-1776 640 0 ) (-1776 368 0 ) (-1856 368 0 ) 
4 143 151 (-1856 384 0 ) (-1856 368 0 ) (-1856 368 16 ) (-1856 384 16 ) 
4 143 150 (-1856 640 16 ) (-1856 640 0 ) (-1856 384 0 ) (-1856 384 16 ) 
4 143 147 (-1856 368 16 ) (-1856 368 0 ) (-1776 368 0 ) (-1776 368 16 ) 
4 144 161 (-1424 336 240 ) (-1424 336 784 ) (-1856 336 784 ) (-1856 336 240 ) 
4 144 148 (-1856 336 240 ) (-1856 336 784 ) (-1856 368 784 ) (-1856 368 240 ) 
4 145 162 (-1424 336 32 ) (-1424 336 224 ) (-1856 336 224 ) (-1856 336 32 ) 
4 145 152 (-1856 336 32 ) (-1856 336 224 ) (-1856 368 224 ) (-1856 368 32 ) 
4 146 169 (-1424 368 0 ) (-1424 336 0 ) (-1472 336 0 ) (-1472 368 0 ) 
4 146 165 (-1472 336 0 ) (-1440 336 0 ) (-1440 336 8 ) (-1472 336 8 ) 
4 146 147 (-1472 336 0 ) (-1472 336 8 ) (-1472 368 8 ) (-1472 368 0 ) 
4 147 170 (-1572 336 0 ) (-1856 336 0 ) (-1856 368 0 ) (-1572 368 0 ) 
4 147 169 (-1472 336 0 ) (-1572 336 0 ) (-1572 368 0 ) (-1472 368 0 ) 
4 147 166 (-1856 336 0 ) (-1472 336 0 ) (-1472 336 20 ) (-1856 336 20 ) 
4 147 153 (-1856 368 0 ) (-1856 336 0 ) (-1856 336 20 ) (-1856 368 20 ) 
4 148 161 (-1856 336 240 ) (-1856 336 784 ) (-2000 336 784 ) (-2000 336 240 ) 
4 148 154 (-2000 640 784 ) (-2000 640 240 ) (-2000 336 240 ) (-2000 336 784 ) 
4 150 170 (-1920 640 0 ) (-1856 640 0 ) (-1856 384 0 ) (-1920 384 0 ) 
4 150 172 (-1984 640 0 ) (-1920 640 0 ) (-1920 384 0 ) (-1984 384 0 ) 
4 150 151 (-1856 384 0 ) (-1856 384 16 ) (-1984 384 16 ) (-1984 384 0 ) 
4 151 170 (-1856 384 0 ) (-1856 368 0 ) (-1920 368 0 ) (-1920 384 0 ) 
4 151 172 (-1920 368 0 ) (-2000 368 0 ) (-2000 384 0 ) (-1920 384 0 ) 
4 151 160 (-2000 384 0 ) (-2000 368 0 ) (-2000 368 20 ) (-2000 384 20 ) 
4 151 153 (-1856 368 0 ) (-1856 368 20 ) (-2000 368 20 ) (-2000 368 0 ) 
4 152 162 (-1856 336 32 ) (-1856 336 224 ) (-2000 336 224 ) (-2000 336 32 ) 
4 152 159 (-2000 336 32 ) (-2000 336 192 ) (-2000 368 192 ) (-2000 368 32 ) 
4 152 155 (-2000 336 192 ) (-2000 336 224 ) (-2000 368 224 ) (-2000 368 192 ) 
4 153 170 (-1856 368 0 ) (-1856 336 0 ) (-1920 336 0 ) (-1920 368 0 ) 
4 153 172 (-1920 336 0 ) (-2000 336 0 ) (-2000 368 0 ) (-1920 368 0 ) 
4 153 166 (-2000 336 0 ) (-1856 336 0 ) (-1856 336 20 ) (-2000 336 20 ) 
4 153 160 (-2000 368 0 ) (-2000 336 0 ) (-2000 336 20 ) (-2000 368 20 ) 
4 154 198 (-2048 336 240 ) (-2048 336 784 ) (-2048 448 784 ) (-2048 448 240 ) 
4 154 185 (-2048 448 784 ) (-2048 640 784 ) (-2048 640 240 ) (-2048 448 240 ) 
4 154 161 (-2000 336 240 ) (-2000 336 784 ) (-2048 336 784 ) (-2048 336 240 ) 
4 155 199 (-2048 336 192 ) (-2048 336 224 ) (-2048 448 224 ) (-2048 448 192 ) 
4 155 187 (-2048 448 224 ) (-2048 640 224 ) (-2048 640 192 ) (-2048 448 192 ) 
4 155 162 (-2000 336 192 ) (-2000 336 224 ) (-2048 336 224 ) (-2048 336 192 ) 
4 155 159 (-2000 448 192 ) (-2000 336 192 ) (-2048 336 192 ) (-2048 448 192 ) 
4 155 156 (-2048 640 192 ) (-2000 640 192 ) (-2000 464 192 ) (-2048 464 192 ) 
4 156 188 (-2048 464 28 ) (-2048 464 192 ) (-2048 640 192 ) (-2048 640 28 ) 
4 157 196 (-2048 640 0 ) (-2048 464 0 ) (-2048 464 16 ) (-2048 640 16 ) 
4 157 172 (-2048 464 0 ) (-2048 640 0 ) (-2000 640 0 ) (-2000 464 0 ) 
4 157 158 (-2048 464 0 ) (-2000 464 0 ) (-2000 464 16 ) (-2048 464 16 ) 
4 158 196 (-2048 464 0 ) (-2048 448 0 ) (-2048 448 16 ) (-2048 464 16 ) 
4 158 192 (-2048 448 16 ) (-2048 448 28 ) (-2048 464 28 ) (-2048 464 16 ) 
4 158 172 (-2048 448 0 ) (-2048 464 0 ) (-2000 464 0 ) (-2000 448 0 ) 
4 158 160 (-2048 448 0 ) (-2000 448 0 ) (-2000 448 20 ) (-2048 448 20 ) 
4 159 199 (-2048 336 32 ) (-2048 336 192 ) (-2048 448 192 ) (-2048 448 32 ) 
4 159 162 (-2000 336 32 ) (-2000 336 192 ) (-2048 336 192 ) (-2048 336 32 ) 
4 160 200 (-2048 448 0 ) (-2048 336 0 ) (-2048 336 20 ) (-2048 448 20 ) 
4 160 172 (-2048 336 0 ) (-2048 448 0 ) (-2000 448 0 ) (-2000 336 0 ) 
4 160 166 (-2048 336 0 ) (-2000 336 0 ) (-2000 336 20 ) (-2048 336 20 ) 
4 161 227 (-2048 0 784 ) (-2048 0 240 ) (-1424 0 240 ) (-1424 0 784 ) 
4 161 198 (-2048 0 240 ) (-2048 0 784 ) (-2048 336 784 ) (-2048 336 240 ) 
4 162 232 (-2048 0 224 ) (-2048 0 32 ) (-1440 0 32 ) (-1440 0 224 ) 
4 162 230 (-1440 0 32 ) (-1424 0 32 ) (-1424 0 224 ) (-1440 0 224 ) 
4 162 199 (-2048 0 32 ) (-2048 0 224 ) (-2048 336 224 ) (-2048 336 32 ) 
4 162 164 (-1472 336 32 ) (-1440 336 32 ) (-1440 224 32 ) (-1472 224 32 ) 
4 162 163 (-1440 336 32 ) (-1424 336 32 ) (-1424 224 32 ) (-1440 224 32 ) 
4 163 164 (-1440 224 20 ) (-1440 224 32 ) (-1440 336 32 ) (-1440 336 20 ) 
4 165 169 (-1472 336 0 ) (-1440 336 0 ) (-1440 224 0 ) (-1472 224 0 ) 
4 165 168 (-1472 224 0 ) (-1440 224 0 ) (-1440 224 8 ) (-1472 224 8 ) 
4 165 166 (-1472 224 0 ) (-1472 224 8 ) (-1472 336 8 ) (-1472 336 0 ) 
4 166 200 (-2048 336 0 ) (-2048 224 0 ) (-2048 224 20 ) (-2048 336 20 ) 
4 166 170 (-1920 336 0 ) (-1572 336 0 ) (-1572 224 0 ) (-1920 224 0 ) 
4 166 169 (-1572 336 0 ) (-1472 336 0 ) (-1472 224 0 ) (-1572 224 0 ) 
4 166 172 (-2048 224 0 ) (-2048 336 0 ) (-1920 336 0 ) (-1920 224 0 ) 
4 166 168 (-2048 224 0 ) (-1472 224 0 ) (-1472 224 20 ) (-2048 224 20 ) 
4 167 231 (-1440 0 0 ) (-1424 0 0 ) (-1424 0 8 ) (-1440 0 8 ) 
4 167 169 (-1440 224 0 ) (-1424 224 0 ) (-1424 0 0 ) (-1440 0 0 ) 
4 167 168 (-1440 224 8 ) (-1440 224 0 ) (-1440 0 0 ) (-1440 0 8 ) 
4 168 233 (-2048 0 20 ) (-2048 0 0 ) (-1440 0 0 ) (-1440 0 20 ) 
4 168 200 (-2048 224 0 ) (-2048 0 0 ) (-2048 0 20 ) (-2048 224 20 ) 
4 168 171 (-1572 74 0 ) (-1572 0 0 ) (-1920 0 0 ) (-1920 74 0 ) 
4 168 170 (-1920 224 0 ) (-1572 224 0 ) (-1572 74 0 ) (-1920 74 0 ) 
4 168 169 (-1572 224 0 ) (-1440 224 0 ) (-1440 0 0 ) (-1572 0 0 ) 
4 168 172 (-2048 0 0 ) (-2048 224 0 ) (-1920 224 0 ) (-1920 0 0 ) 
4 169 245 (-1408 0 -18 ) (-1408 0 0 ) (-1572 0 0 ) (-1572 0 -18 ) 
4 169 174 (-1408 74 -18 ) (-1408 0 -18 ) (-1572 0 -18 ) (-1572 74 -18 ) 
4 169 173 (-1572 1024 -18 ) (-1408 1024 -18 ) (-1408 74 -18 ) (-1572 74 -18 ) 
4 169 171 (-1572 0 -2 ) (-1572 0 0 ) (-1572 74 0 ) (-1572 74 -2 ) 
4 169 170 (-1572 1024 -18 ) (-1572 74 -18 ) (-1572 74 0 ) (-1572 1024 0 ) 
4 170 173 (-1920 1024 -18 ) (-1572 1024 -18 ) (-1572 74 -18 ) (-1920 74 -18 ) 
4 170 171 (-1920 74 0 ) (-1920 74 -2 ) (-1572 74 -2 ) (-1572 74 0 ) 
4 170 172 (-1920 1024 -18 ) (-1920 74 -18 ) (-1920 74 0 ) (-1920 1024 0 ) 
4 171 246 (-1572 0 0 ) (-1920 0 0 ) (-1920 0 -2 ) (-1572 0 -2 ) 
4 171 172 (-1920 0 -2 ) (-1920 0 0 ) (-1920 74 0 ) (-1920 74 -2 ) 
4 172 248 (-1920 0 0 ) (-2048 0 0 ) (-2048 0 -18 ) (-1920 0 -18 ) 
4 172 200 (-2048 448 -18 ) (-2048 0 -18 ) (-2048 0 0 ) (-2048 448 0 ) 
4 172 196 (-2048 640 -18 ) (-2048 448 -18 ) (-2048 448 0 ) (-2048 640 0 ) 
4 172 184 (-2048 1024 0 ) (-2048 1024 -18 ) (-2048 640 -18 ) (-2048 640 0 ) 
4 172 176 (-2048 0 -18 ) (-2048 74 -18 ) (-1920 74 -18 ) (-1920 0 -18 ) 
4 172 173 (-2048 74 -18 ) (-2048 1024 -18 ) (-1920 1024 -18 ) (-1920 74 -18 ) 
4 173 200 (-2048 448 -112 ) (-2048 74 -112 ) (-2048 74 -18 ) (-2048 448 -18 ) 
4 173 196 (-2048 640 -112 ) (-2048 448 -112 ) (-2048 448 -18 ) (-2048 640 -18 ) 
4 173 184 (-2048 1024 -18 ) (-2048 1024 -112 ) (-2048 640 -112 ) (-2048 640 -18 ) 
4 173 178 (-1920 1024 -112 ) (-1572 1024 -112 ) (-1572 74 -112 ) (-1920 74 -112 ) 
4 173 177 (-1572 1024 -112 ) (-1408 1024 -112 ) (-1408 74 -112 ) (-1572 74 -112 ) 
4 173 179 (-2048 1024 -112 ) (-1920 1024 -112 ) (-1920 74 -112 ) (-2048 74 -112 ) 
4 173 176 (-2048 74 -112 ) (-1920 74 -112 ) (-1920 74 -18 ) (-2048 74 -18 ) 
4 173 174 (-1572 74 -112 ) (-1408 74 -112 ) (-1408 74 -18 ) (-1572 74 -18 ) 
4 174 249 (-1408 0 -112 ) (-1408 0 -18 ) (-1572 0 -18 ) (-1572 0 -112 ) 
4 174 177 (-1408 74 -112 ) (-1408 0 -112 ) (-1572 0 -112 ) (-1572 74 -112 ) 
4 175 250 (-1588 0 -18 ) (-1904 0 -18 ) (-1904 0 -112 ) (-1588 0 -112 ) 
4 176 251 (-1920 0 -18 ) (-2048 0 -18 ) (-2048 0 -112 ) (-1920 0 -112 ) 
4 176 200 (-2048 74 -112 ) (-2048 0 -112 ) (-2048 0 -18 ) (-2048 74 -18 ) 
4 176 179 (-1920 0 -112 ) (-2048 0 -112 ) (-2048 74 -112 ) (-1920 74 -112 ) 
4 177 253 (-1408 0 -128 ) (-1408 0 -112 ) (-1572 0 -112 ) (-1572 0 -128 ) 
4 177 178 (-1572 1024 -128 ) (-1572 74 -128 ) (-1572 74 -112 ) (-1572 1024 -112 ) 
4 178 179 (-1920 1024 -128 ) (-1920 74 -128 ) (-1920 74 -112 ) (-1920 1024 -112 ) 
4 179 255 (-1920 0 -112 ) (-2048 0 -112 ) (-2048 0 -128 ) (-1920 0 -128 ) 
4 179 200 (-2048 448 -128 ) (-2048 0 -128 ) (-2048 0 -112 ) (-2048 448 -112 ) 
4 179 196 (-2048 640 -128 ) (-2048 448 -128 ) (-2048 448 -112 ) (-2048 640 -112 ) 
4 179 184 (-2048 1024 -112 ) (-2048 1024 -128 ) (-2048 640 -128 ) (-2048 640 -112 ) 
4 180 206 (-2368 1024 784 ) (-2368 1024 160 ) (-2368 656 160 ) (-2368 656 784 ) 
4 180 183 (-2368 656 784 ) (-2368 656 224 ) (-2048 656 224 ) (-2048 656 784 ) 
4 180 182 (-2048 656 160 ) (-2352 656 160 ) (-2352 752 160 ) (-2048 752 160 ) 
4 180 181 (-2368 768 160 ) (-2368 1024 160 ) (-2048 1024 160 ) (-2048 768 160 ) 
4 181 207 (-2368 1024 160 ) (-2368 1024 0 ) (-2368 768 0 ) (-2368 768 160 ) 
4 181 184 (-2368 768 0 ) (-2368 1024 0 ) (-2048 1024 0 ) (-2048 768 0 ) 
4 182 184 (-2352 752 0 ) (-2048 752 0 ) (-2048 656 0 ) (-2352 656 0 ) 
4 183 206 (-2368 640 224 ) (-2368 640 784 ) (-2368 656 784 ) (-2368 656 224 ) 
4 183 185 (-2048 640 240 ) (-2048 640 784 ) (-2352 640 784 ) (-2352 640 240 ) 
4 183 186 (-2368 640 784 ) (-2368 640 224 ) (-2352 640 224 ) (-2352 640 784 ) 
4 184 220 (-2368 640 -128 ) (-2368 640 -8 ) (-2368 752 -8 ) (-2368 752 -128 ) 
4 184 219 (-2368 752 0 ) (-2368 1024 0 ) (-2368 1024 -128 ) (-2368 752 -128 ) 
4 184 197 (-2368 640 0 ) (-2368 640 -128 ) (-2352 640 -128 ) (-2352 640 0 ) 
4 184 196 (-2352 640 -128 ) (-2048 640 -128 ) (-2048 640 0 ) (-2352 640 0 ) 
4 185 198 (-2048 448 240 ) (-2048 448 784 ) (-2352 448 784 ) (-2352 448 240 ) 
4 185 186 (-2352 448 240 ) (-2352 448 784 ) (-2352 640 784 ) (-2352 640 240 ) 
4 186 206 (-2368 448 224 ) (-2368 448 784 ) (-2368 640 784 ) (-2368 640 224 ) 
4 186 201 (-2368 448 784 ) (-2368 448 224 ) (-2352 448 224 ) (-2352 448 784 ) 
4 187 199 (-2352 448 192 ) (-2048 448 192 ) (-2048 448 224 ) (-2352 448 224 ) 
4 187 189 (-2352 464 192 ) (-2352 640 192 ) (-2184 640 192 ) (-2184 464 192 ) 
4 187 188 (-2168 640 192 ) (-2048 640 192 ) (-2048 464 192 ) (-2168 464 192 ) 
4 188 190 (-2144 464 28 ) (-2080 464 28 ) (-2080 464 160 ) (-2144 464 160 ) 
4 189 191 (-2272 464 28 ) (-2208 464 28 ) (-2208 464 160 ) (-2272 464 160 ) 
4 190 199 (-2080 448 32 ) (-2080 448 160 ) (-2144 448 160 ) (-2144 448 32 ) 
4 191 199 (-2208 448 32 ) (-2208 448 160 ) (-2272 448 160 ) (-2272 448 32 ) 
4 192 200 (-2080 448 16 ) (-2048 448 16 ) (-2048 448 20 ) (-2080 448 20 ) 
4 192 196 (-2048 448 16 ) (-2080 448 16 ) (-2080 464 16 ) (-2048 464 16 ) 
4 193 196 (-2184 640 16 ) (-2168 640 16 ) (-2168 464 16 ) (-2184 464 16 ) 
4 193 194 (-2184 464 16 ) (-2168 464 16 ) (-2168 464 28 ) (-2184 464 28 ) 
4 194 200 (-2208 448 16 ) (-2144 448 16 ) (-2144 448 20 ) (-2208 448 20 ) 
4 194 196 (-2144 448 16 ) (-2208 448 16 ) (-2208 464 16 ) (-2144 464 16 ) 
4 195 200 (-2352 448 16 ) (-2272 448 16 ) (-2272 448 20 ) (-2352 448 20 ) 
4 195 196 (-2272 448 16 ) (-2352 448 16 ) (-2352 464 16 ) (-2272 464 16 ) 
4 196 200 (-2352 448 -128 ) (-2048 448 -128 ) (-2048 448 16 ) (-2352 448 16 ) 
4 196 197 (-2352 640 -128 ) (-2352 448 -128 ) (-2352 448 0 ) (-2352 640 0 ) 
4 197 220 (-2368 448 -128 ) (-2368 448 -8 ) (-2368 640 -8 ) (-2368 640 -128 ) 
4 197 202 (-2368 448 0 ) (-2368 448 -128 ) (-2352 448 -128 ) (-2352 448 0 ) 
4 198 256 (-2048 0 240 ) (-2048 0 784 ) (-2352 0 784 ) (-2352 0 240 ) 
4 198 201 (-2352 448 784 ) (-2352 448 240 ) (-2352 0 240 ) (-2352 0 784 ) 
4 199 259 (-2048 0 32 ) (-2048 0 224 ) (-2352 0 224 ) (-2352 0 32 ) 
4 199 203 (-2352 384 32 ) (-2352 304 32 ) (-2352 304 144 ) (-2352 384 144 ) 
4 200 260 (-2048 0 -128 ) (-2048 0 20 ) (-2352 0 20 ) (-2352 0 -128 ) 
4 200 205 (-2352 304 -128 ) (-2352 0 -128 ) (-2352 0 -2 ) (-2352 304 -2 ) 
4 200 204 (-2352 384 -128 ) (-2352 304 -128 ) (-2352 304 20 ) (-2352 384 20 ) 
4 200 202 (-2352 448 0 ) (-2352 448 -128 ) (-2352 384 -128 ) (-2352 384 0 ) 
4 201 258 (-2352 0 224 ) (-2352 0 240 ) (-2368 0 240 ) (-2368 0 224 ) 
4 201 256 (-2352 0 240 ) (-2352 0 784 ) (-2368 0 784 ) (-2368 0 240 ) 
4 201 206 (-2368 0 224 ) (-2368 0 784 ) (-2368 448 784 ) (-2368 448 224 ) 
4 202 220 (-2368 384 -128 ) (-2368 384 -8 ) (-2368 448 -8 ) (-2368 448 -128 ) 
4 202 204 (-2352 384 -128 ) (-2352 384 0 ) (-2368 384 0 ) (-2368 384 -128 ) 
4 203 210 (-2368 304 32 ) (-2368 304 144 ) (-2368 384 144 ) (-2368 384 32 ) 
4 204 220 (-2368 304 -128 ) (-2368 304 -8 ) (-2368 384 -8 ) (-2368 384 -128 ) 
4 204 205 (-2352 304 -128 ) (-2352 304 -2 ) (-2368 304 -2 ) (-2368 304 -128 ) 
4 205 261 (-2352 0 -128 ) (-2352 0 -2 ) (-2368 0 -2 ) (-2368 0 -128 ) 
4 205 223 (-2368 0 -128 ) (-2368 0 -10 ) (-2368 240 -10 ) (-2368 240 -128 ) 
4 205 222 (-2368 230 -2 ) (-2368 240 -2 ) (-2368 240 -10 ) (-2368 230 -10 ) 
4 205 220 (-2368 304 -8 ) (-2368 304 -128 ) (-2368 240 -128 ) (-2368 240 -8 ) 
4 206 267 (-2800 0 224 ) (-2816 0 224 ) (-2816 0 160 ) (-2800 0 160 ) 
4 206 266 (-2368 0 160 ) (-2368 0 224 ) (-2800 0 224 ) (-2800 0 160 ) 
4 206 269 (-2816 0 224 ) (-3072 0 224 ) (-3072 0 160 ) (-2816 0 160 ) 
4 206 258 (-2368 0 224 ) (-2368 0 240 ) (-3072 0 240 ) (-3072 0 224 ) 
4 206 256 (-2368 0 240 ) (-2368 0 784 ) (-3072 0 784 ) (-3072 0 240 ) 
4 206 226 (-3072 0 160 ) (-3072 0 784 ) (-3072 1024 784 ) (-3072 1024 160 ) 
4 206 218 (-3072 0 160 ) (-3072 752 160 ) (-2816 752 160 ) (-2816 0 160 ) 
4 206 215 (-2368 240 160 ) (-2368 0 160 ) (-2682 0 160 ) (-2682 240 160 ) 
4 206 214 (-2368 272 160 ) (-2368 240 160 ) (-2682 240 160 ) (-2682 272 160 ) 
4 206 217 (-2682 0 160 ) (-2800 0 160 ) (-2800 272 160 ) (-2682 272 160 ) 
4 206 210 (-2368 384 160 ) (-2368 272 160 ) (-2404 272 160 ) (-2404 384 160 ) 
4 206 209 (-2404 752 160 ) (-2368 752 160 ) (-2368 384 160 ) (-2404 384 160 ) 
4 206 211 (-2800 752 160 ) (-2404 752 160 ) (-2404 272 160 ) (-2800 272 160 ) 
4 206 207 (-2816 1024 160 ) (-2368 1024 160 ) (-2368 768 160 ) (-2816 768 160 ) 
4 206 208 (-3072 752 160 ) (-3072 1024 160 ) (-2816 1024 160 ) (-2816 752 160 ) 
4 207 224 (-2816 1024 0 ) (-2682 1024 0 ) (-2682 768 0 ) (-2816 768 0 ) 
4 207 219 (-2682 1024 0 ) (-2368 1024 0 ) (-2368 768 0 ) (-2682 768 0 ) 
4 207 208 (-2816 1024 0 ) (-2816 768 0 ) (-2816 768 160 ) (-2816 1024 160 ) 
4 208 226 (-3072 752 160 ) (-3072 1024 160 ) (-3072 1024 0 ) (-3072 752 0 ) 
4 208 224 (-3072 1024 0 ) (-2816 1024 0 ) (-2816 752 0 ) (-3072 752 0 ) 
4 208 218 (-3072 752 0 ) (-2816 752 0 ) (-2816 752 160 ) (-3072 752 160 ) 
4 209 212 (-2404 384 8 ) (-2404 752 8 ) (-2368 752 8 ) (-2368 384 8 ) 
4 209 210 (-2404 384 160 ) (-2404 384 20 ) (-2368 384 20 ) (-2368 384 160 ) 
4 209 211 (-2404 752 160 ) (-2404 752 8 ) (-2404 384 8 ) (-2404 384 160 ) 
4 210 214 (-2368 272 20 ) (-2368 272 160 ) (-2404 272 160 ) (-2404 272 20 ) 
4 210 211 (-2404 272 20 ) (-2404 272 160 ) (-2404 384 160 ) (-2404 384 20 ) 
4 211 214 (-2682 272 8 ) (-2404 272 8 ) (-2404 272 160 ) (-2682 272 160 ) 
4 211 217 (-2800 272 160 ) (-2800 272 8 ) (-2682 272 8 ) (-2682 272 160 ) 
4 211 212 (-2420 384 8 ) (-2420 752 8 ) (-2404 752 8 ) (-2404 384 8 ) 
4 211 213 (-2420 272 8 ) (-2800 272 8 ) (-2800 752 8 ) (-2420 752 8 ) 
4 212 213 (-2420 384 8 ) (-2420 752 8 ) (-2420 752 0 ) (-2420 384 0 ) 
4 213 224 (-2682 272 0 ) (-2800 272 0 ) (-2800 752 0 ) (-2682 752 0 ) 
4 213 214 (-2682 272 0 ) (-2420 272 0 ) (-2420 272 8 ) (-2682 272 8 ) 
4 213 217 (-2800 272 8 ) (-2800 272 0 ) (-2682 272 0 ) (-2682 272 8 ) 
4 214 215 (-2682 240 160 ) (-2682 240 2 ) (-2368 240 2 ) (-2368 240 160 ) 
4 214 217 (-2682 272 160 ) (-2682 272 0 ) (-2682 240 0 ) (-2682 240 160 ) 
4 215 266 (-2368 0 2 ) (-2368 0 160 ) (-2682 0 160 ) (-2682 0 2 ) 
4 215 216 (-2682 0 2 ) (-2682 232 2 ) (-2368 232 2 ) (-2368 0 2 ) 
4 215 217 (-2682 0 2 ) (-2682 0 160 ) (-2682 240 160 ) (-2682 240 2 ) 
4 216 266 (-2368 0 0 ) (-2368 0 2 ) (-2682 0 2 ) (-2682 0 0 ) 
4 216 221 (-2368 231 0 ) (-2368 0 0 ) (-2682 0 0 ) (-2682 231 0 ) 
4 216 217 (-2682 231 0 ) (-2682 0 0 ) (-2682 0 2 ) (-2682 232 2 ) 
4 217 266 (-2682 0 160 ) (-2800 0 160 ) (-2800 0 0 ) (-2682 0 0 ) 
4 217 224 (-2682 0 0 ) (-2800 0 0 ) (-2800 272 0 ) (-2682 272 0 ) 
4 218 269 (-2816 0 160 ) (-3072 0 160 ) (-3072 0 0 ) (-2816 0 0 ) 
4 218 226 (-3072 0 0 ) (-3072 0 160 ) (-3072 752 160 ) (-3072 752 0 ) 
4 218 224 (-2816 0 0 ) (-3072 0 0 ) (-3072 752 0 ) (-2816 752 0 ) 
4 219 224 (-2682 752 0 ) (-2682 1024 0 ) (-2682 1024 -128 ) (-2682 752 -128 ) 
4 219 220 (-2682 752 -8 ) (-2682 752 -128 ) (-2368 752 -128 ) (-2368 752 -8 ) 
4 220 224 (-2682 240 -128 ) (-2682 240 -8 ) (-2682 752 -8 ) (-2682 752 -128 ) 
4 220 223 (-2682 240 -10 ) (-2682 240 -128 ) (-2368 240 -128 ) (-2368 240 -10 ) 
4 220 222 (-2682 240 -8 ) (-2682 240 -10 ) (-2368 240 -10 ) (-2368 240 -8 ) 
4 221 270 (-2368 0 -2 ) (-2368 0 0 ) (-2682 0 0 ) (-2682 0 -2 ) 
4 221 224 (-2682 0 -2 ) (-2682 0 0 ) (-2682 231 0 ) (-2682 230 -2 ) 
4 222 224 (-2682 230 -2 ) (-2682 240 -2 ) (-2682 240 -10 ) (-2682 230 -10 ) 
4 222 223 (-2682 230 -10 ) (-2682 240 -10 ) (-2368 240 -10 ) (-2368 230 -10 ) 
4 223 273 (-2368 0 -128 ) (-2368 0 -10 ) (-2682 0 -10 ) (-2682 0 -128 ) 
4 223 224 (-2682 0 -128 ) (-2682 0 -10 ) (-2682 240 -10 ) (-2682 240 -128 ) 
4 224 273 (-2682 0 -128 ) (-2682 0 -10 ) (-3072 0 -10 ) (-3072 0 -128 ) 
4 224 272 (-2682 0 -10 ) (-2682 0 0 ) (-3072 0 0 ) (-3072 0 -10 ) 
4 224 226 (-3072 0 -128 ) (-3072 0 0 ) (-3072 1024 0 ) (-3072 1024 -128 ) 
4 225 226 (-3072 1024 -128 ) (-3072 1024 784 ) (-3456 1024 784 ) (-3456 1024 -128 ) 
4 226 276 (-3072 0 -128 ) (-3072 0 784 ) (-3456 0 784 ) (-3456 0 -128 ) 
4 227 256 (-2048 0 784 ) (-2048 0 240 ) (-2048 -48 240 ) (-2048 -48 784 ) 
4 227 238 (-2048 -48 784 ) (-2048 -48 240 ) (-1344 -48 240 ) (-1344 -48 784 ) 
4 227 235 (-1344 -48 240 ) (-1120 -48 240 ) (-1120 -48 784 ) (-1344 -48 784 ) 
4 227 234 (-1120 -48 240 ) (-1024 -48 240 ) (-1024 -48 784 ) (-1120 -48 784 ) 
4 227 228 (-1024 -48 240 ) (-1424 -48 240 ) (-1424 0 240 ) (-1024 0 240 ) 
4 228 238 (-1424 -48 224 ) (-1344 -48 224 ) (-1344 -48 240 ) (-1424 -48 240 ) 
4 228 235 (-1344 -48 224 ) (-1120 -48 224 ) (-1120 -48 240 ) (-1344 -48 240 ) 
4 228 234 (-1120 -48 224 ) (-1024 -48 224 ) (-1024 -48 240 ) (-1120 -48 240 ) 
4 228 229 (-1024 -48 224 ) (-1408 -48 224 ) (-1408 0 224 ) (-1024 0 224 ) 
4 229 245 (-1408 0 0 ) (-1024 0 0 ) (-1024 -48 0 ) (-1408 -48 0 ) 
4 229 239 (-1408 -48 0 ) (-1344 -48 0 ) (-1344 -48 224 ) (-1408 -48 224 ) 
4 229 235 (-1344 -48 0 ) (-1120 -48 0 ) (-1120 -48 224 ) (-1344 -48 224 ) 
4 229 234 (-1120 -48 0 ) (-1024 -48 0 ) (-1024 -48 224 ) (-1120 -48 224 ) 
4 230 232 (-1440 -48 32 ) (-1440 -48 224 ) (-1440 0 224 ) (-1440 0 32 ) 
4 231 245 (-1440 0 0 ) (-1424 0 0 ) (-1424 -48 0 ) (-1440 -48 0 ) 
4 231 233 (-1440 0 0 ) (-1440 -48 0 ) (-1440 -48 8 ) (-1440 0 8 ) 
4 232 259 (-2048 0 224 ) (-2048 0 32 ) (-2048 -48 32 ) (-2048 -48 224 ) 
4 233 260 (-2048 0 20 ) (-2048 0 0 ) (-2048 -48 0 ) (-2048 -48 20 ) 
4 233 246 (-1920 0 0 ) (-1572 0 0 ) (-1572 -48 0 ) (-1920 -48 0 ) 
4 233 245 (-1572 0 0 ) (-1440 0 0 ) (-1440 -48 0 ) (-1572 -48 0 ) 
4 233 248 (-2048 -48 0 ) (-2048 0 0 ) (-1920 0 0 ) (-1920 -48 0 ) 
4 234 274 (-1024 -1024 0 ) (-1024 -1024 784 ) (-1120 -1024 784 ) (-1120 -1024 0 ) 
4 234 245 (-1024 -1024 0 ) (-1120 -1024 0 ) (-1120 -48 0 ) (-1024 -48 0 ) 
4 234 236 (-1120 -464 784 ) (-1120 -448 784 ) (-1120 -448 160 ) (-1120 -464 160 ) 
4 234 235 (-1120 -448 784 ) (-1120 -48 784 ) (-1120 -48 0 ) (-1120 -448 0 ) 
4 234 237 (-1120 -1024 784 ) (-1120 -464 784 ) (-1120 -464 0 ) (-1120 -1024 0 ) 
4 235 245 (-1344 -448 0 ) (-1344 -48 0 ) (-1120 -48 0 ) (-1120 -448 0 ) 
4 235 242 (-1344 -448 160 ) (-1344 -448 784 ) (-1344 -272 784 ) (-1344 -272 160 ) 
4 235 241 (-1344 -272 160 ) (-1344 -272 224 ) (-1344 -256 224 ) (-1344 -256 160 ) 
4 235 239 (-1344 -48 224 ) (-1344 -48 0 ) (-1344 -256 0 ) (-1344 -256 224 ) 
4 235 238 (-1344 -48 784 ) (-1344 -48 224 ) (-1344 -272 224 ) (-1344 -272 784 ) 
4 235 236 (-1120 -448 160 ) (-1120 -448 784 ) (-1344 -448 784 ) (-1344 -448 160 ) 
4 236 242 (-1344 -464 160 ) (-1344 -464 784 ) (-1344 -448 784 ) (-1344 -448 160 ) 
4 236 237 (-1120 -464 160 ) (-1120 -464 784 ) (-1344 -464 784 ) (-1344 -464 160 ) 
4 237 274 (-1120 -1024 784 ) (-1344 -1024 784 ) (-1344 -1024 0 ) (-1120 -1024 0 ) 
4 237 245 (-1120 -1024 0 ) (-1344 -1024 0 ) (-1344 -464 0 ) (-1120 -464 0 ) 
4 237 243 (-1344 -464 0 ) (-1344 -1024 0 ) (-1344 -1024 160 ) (-1344 -464 160 ) 
4 237 242 (-1344 -1024 160 ) (-1344 -1024 784 ) (-1344 -464 784 ) (-1344 -464 160 ) 
4 238 257 (-2048 -272 224 ) (-2048 -272 240 ) (-2048 -48 240 ) (-2048 -48 224 ) 
4 238 256 (-2048 -272 240 ) (-2048 -272 784 ) (-2048 -48 784 ) (-2048 -48 240 ) 
4 238 242 (-2048 -272 784 ) (-2048 -272 224 ) (-1344 -272 224 ) (-1344 -272 784 ) 
4 238 241 (-1344 -272 224 ) (-2048 -272 224 ) (-2048 -256 224 ) (-1344 -256 224 ) 
4 238 240 (-2048 -256 224 ) (-2048 -64 224 ) (-1408 -64 224 ) (-1408 -256 224 ) 
4 238 239 (-1408 -48 224 ) (-1344 -48 224 ) (-1344 -256 224 ) (-1408 -256 224 ) 
4 239 245 (-1408 -48 0 ) (-1344 -48 0 ) (-1344 -256 0 ) (-1408 -256 0 ) 
4 239 241 (-1344 -256 160 ) (-1344 -256 224 ) (-1408 -256 224 ) (-1408 -256 160 ) 
4 239 240 (-1408 -256 0 ) (-1408 -256 224 ) (-1408 -64 224 ) (-1408 -64 0 ) 
4 240 262 (-2048 -64 0 ) (-2048 -256 0 ) (-2048 -256 224 ) (-2048 -64 224 ) 
4 240 246 (-1920 -64 0 ) (-1572 -64 0 ) (-1572 -256 0 ) (-1920 -256 0 ) 
4 240 245 (-1572 -64 0 ) (-1408 -64 0 ) (-1408 -256 0 ) (-1572 -256 0 ) 
4 240 248 (-2048 -256 0 ) (-2048 -64 0 ) (-1920 -64 0 ) (-1920 -256 0 ) 
4 240 241 (-1408 -256 160 ) (-1408 -256 224 ) (-2048 -256 224 ) (-2048 -256 160 ) 
4 241 263 (-2048 -272 160 ) (-2048 -272 224 ) (-2048 -256 224 ) (-2048 -256 160 ) 
4 241 242 (-2048 -272 224 ) (-2048 -272 160 ) (-1344 -272 160 ) (-1344 -272 224 ) 
4 242 274 (-2048 -1024 784 ) (-2048 -1024 160 ) (-1344 -1024 160 ) (-1344 -1024 784 ) 
4 242 264 (-2048 -1024 160 ) (-2048 -1024 224 ) (-2048 -272 224 ) (-2048 -272 160 ) 
4 242 257 (-2048 -1024 224 ) (-2048 -1024 240 ) (-2048 -272 240 ) (-2048 -272 224 ) 
4 242 256 (-2048 -1024 240 ) (-2048 -1024 784 ) (-2048 -272 784 ) (-2048 -272 240 ) 
4 242 243 (-1344 -448 160 ) (-1344 -1024 160 ) (-1360 -1024 160 ) (-1360 -448 160 ) 
4 242 244 (-2048 -272 160 ) (-1360 -272 160 ) (-1360 -1024 160 ) (-2048 -1024 160 ) 
4 243 274 (-1360 -1024 0 ) (-1344 -1024 0 ) (-1344 -1024 160 ) (-1360 -1024 160 ) 
4 243 245 (-1344 -1024 0 ) (-1360 -1024 0 ) (-1360 -448 0 ) (-1344 -448 0 ) 
4 243 244 (-1360 -1024 160 ) (-1360 -448 160 ) (-1360 -448 0 ) (-1360 -1024 0 ) 
4 244 274 (-2048 -1024 160 ) (-2048 -1024 0 ) (-1360 -1024 0 ) (-1360 -1024 160 ) 
4 244 264 (-2048 -272 0 ) (-2048 -1024 0 ) (-2048 -1024 160 ) (-2048 -272 160 ) 
4 244 247 (-1572 -1024 0 ) (-1920 -1024 0 ) (-1920 -272 0 ) (-1572 -272 0 ) 
4 244 245 (-1360 -1024 0 ) (-1572 -1024 0 ) (-1572 -272 0 ) (-1360 -272 0 ) 
4 244 248 (-1920 -1024 0 ) (-2048 -1024 0 ) (-2048 -272 0 ) (-1920 -272 0 ) 
4 245 274 (-1024 -1024 -18 ) (-1024 -1024 0 ) (-1572 -1024 0 ) (-1572 -1024 -18 ) 
4 245 249 (-1572 -272 -18 ) (-1572 0 -18 ) (-1024 0 -18 ) (-1024 -272 -18 ) 
4 245 252 (-1024 -1024 -18 ) (-1572 -1024 -18 ) (-1572 -272 -18 ) (-1024 -272 -18 ) 
4 245 246 (-1572 -272 -2 ) (-1572 -272 0 ) (-1572 0 0 ) (-1572 0 -2 ) 
4 245 247 (-1572 -272 -18 ) (-1572 -1024 -18 ) (-1572 -1024 0 ) (-1572 -272 0 ) 
4 246 247 (-1920 -272 0 ) (-1920 -272 -2 ) (-1572 -272 -2 ) (-1572 -272 0 ) 
4 246 248 (-1920 -272 -2 ) (-1920 -272 0 ) (-1920 0 0 ) (-1920 0 -2 ) 
4 247 274 (-1572 -1024 0 ) (-1920 -1024 0 ) (-1920 -1024 -18 ) (-1572 -1024 -18 ) 
4 247 252 (-1572 -1024 -18 ) (-1920 -1024 -18 ) (-1920 -272 -18 ) (-1572 -272 -18 ) 
4 247 248 (-1920 -272 -18 ) (-1920 -1024 -18 ) (-1920 -1024 0 ) (-1920 -272 0 ) 
4 248 274 (-1920 -1024 0 ) (-2048 -1024 0 ) (-2048 -1024 -18 ) (-1920 -1024 -18 ) 
4 248 265 (-2048 -48 -18 ) (-2048 -1024 -18 ) (-2048 -1024 0 ) (-2048 -48 0 ) 
4 248 260 (-2048 0 0 ) (-2048 0 -18 ) (-2048 -48 -18 ) (-2048 -48 0 ) 
4 248 251 (-2048 -272 -18 ) (-2048 0 -18 ) (-1920 0 -18 ) (-1920 -272 -18 ) 
4 248 252 (-1920 -1024 -18 ) (-2048 -1024 -18 ) (-2048 -272 -18 ) (-1920 -272 -18 ) 
4 249 253 (-1572 0 -112 ) (-1024 0 -112 ) (-1024 -272 -112 ) (-1572 -272 -112 ) 
4 249 252 (-1572 -272 -112 ) (-1024 -272 -112 ) (-1024 -272 -18 ) (-1572 -272 -18 ) 
4 251 265 (-2048 -48 -112 ) (-2048 -272 -112 ) (-2048 -272 -18 ) (-2048 -48 -18 ) 
4 251 260 (-2048 0 -18 ) (-2048 0 -112 ) (-2048 -48 -112 ) (-2048 -48 -18 ) 
4 251 255 (-2048 -272 -112 ) (-2048 0 -112 ) (-1920 0 -112 ) (-1920 -272 -112 ) 
4 251 252 (-2048 -272 -112 ) (-1920 -272 -112 ) (-1920 -272 -18 ) (-2048 -272 -18 ) 
4 252 274 (-1024 -1024 -112 ) (-1024 -1024 -18 ) (-2048 -1024 -18 ) (-2048 -1024 -112 ) 
4 252 265 (-2048 -272 -112 ) (-2048 -1024 -112 ) (-2048 -1024 -18 ) (-2048 -272 -18 ) 
4 252 254 (-1920 -272 -112 ) (-1572 -272 -112 ) (-1572 -1024 -112 ) (-1920 -1024 -112 ) 
4 252 253 (-1572 -272 -112 ) (-1024 -272 -112 ) (-1024 -1024 -112 ) (-1572 -1024 -112 ) 
4 252 255 (-2048 -1024 -112 ) (-2048 -272 -112 ) (-1920 -272 -112 ) (-1920 -1024 -112 ) 
4 253 274 (-1024 -1024 -128 ) (-1024 -1024 -112 ) (-1572 -1024 -112 ) (-1572 -1024 -128 ) 
4 253 254 (-1572 -272 -128 ) (-1572 -1024 -128 ) (-1572 -1024 -112 ) (-1572 -272 -112 ) 
4 254 274 (-1572 -1024 -112 ) (-1920 -1024 -112 ) (-1920 -1024 -128 ) (-1572 -1024 -128 ) 
4 254 255 (-1920 -272 -128 ) (-1920 -1024 -128 ) (-1920 -1024 -112 ) (-1920 -272 -112 ) 
4 255 274 (-1920 -1024 -112 ) (-2048 -1024 -112 ) (-2048 -1024 -128 ) (-1920 -1024 -128 ) 
4 255 265 (-2048 -48 -128 ) (-2048 -1024 -128 ) (-2048 -1024 -112 ) (-2048 -48 -112 ) 
4 255 260 (-2048 0 -112 ) (-2048 0 -128 ) (-2048 -48 -128 ) (-2048 -48 -112 ) 
4 256 276 (-3072 0 784 ) (-3072 0 240 ) (-3072 -1024 240 ) (-3072 -1024 784 ) 
4 256 275 (-2048 -1024 240 ) (-2048 -1024 784 ) (-3072 -1024 784 ) (-3072 -1024 240 ) 
4 256 257 (-2048 -1024 240 ) (-2352 -1024 240 ) (-2352 -48 240 ) (-2048 -48 240 ) 
4 256 258 (-2352 -1024 240 ) (-3072 -1024 240 ) (-3072 0 240 ) (-2352 0 240 ) 
4 257 275 (-2048 -1024 224 ) (-2048 -1024 240 ) (-2352 -1024 240 ) (-2352 -1024 224 ) 
4 257 263 (-2048 -256 224 ) (-2048 -272 224 ) (-2352 -272 224 ) (-2352 -256 224 ) 
4 257 262 (-2048 -64 224 ) (-2048 -256 224 ) (-2352 -256 224 ) (-2352 -64 224 ) 
4 257 264 (-2048 -272 224 ) (-2048 -1024 224 ) (-2352 -1024 224 ) (-2352 -272 224 ) 
4 257 258 (-2352 -48 224 ) (-2352 -1024 224 ) (-2352 -1024 240 ) (-2352 -48 240 ) 
4 258 276 (-3072 0 240 ) (-3072 0 224 ) (-3072 -1024 224 ) (-3072 -1024 240 ) 
4 258 275 (-2352 -1024 240 ) (-3072 -1024 240 ) (-3072 -1024 224 ) (-2352 -1024 224 ) 
4 258 267 (-2816 0 224 ) (-2800 0 224 ) (-2800 -528 224 ) (-2816 -528 224 ) 
4 258 268 (-2800 -528 224 ) (-2800 -1024 224 ) (-2816 -1024 224 ) (-2816 -528 224 ) 
4 258 266 (-2800 0 224 ) (-2368 0 224 ) (-2368 -1024 224 ) (-2800 -1024 224 ) 
4 258 269 (-3072 0 224 ) (-2816 0 224 ) (-2816 -1024 224 ) (-3072 -1024 224 ) 
4 258 263 (-2352 -256 224 ) (-2352 -272 224 ) (-2368 -272 224 ) (-2368 -256 224 ) 
4 258 262 (-2352 -64 224 ) (-2352 -256 224 ) (-2368 -256 224 ) (-2368 -64 224 ) 
4 258 264 (-2352 -272 224 ) (-2352 -1024 224 ) (-2368 -1024 224 ) (-2368 -272 224 ) 
4 260 265 (-2048 -48 -128 ) (-2048 -48 0 ) (-2352 -48 0 ) (-2352 -48 -128 ) 
4 260 261 (-2352 -48 -128 ) (-2352 -48 -2 ) (-2352 0 -2 ) (-2352 0 -128 ) 
4 261 273 (-2368 0 -10 ) (-2368 0 -128 ) (-2368 -48 -128 ) (-2368 -48 -10 ) 
4 261 265 (-2368 -48 -2 ) (-2368 -48 -128 ) (-2352 -48 -128 ) (-2352 -48 -2 ) 
4 262 266 (-2368 -256 224 ) (-2368 -64 224 ) (-2368 -64 0 ) (-2368 -256 0 ) 
4 262 265 (-2368 -256 0 ) (-2368 -64 0 ) (-2048 -64 0 ) (-2048 -256 0 ) 
4 262 263 (-2368 -256 224 ) (-2368 -256 160 ) (-2048 -256 160 ) (-2048 -256 224 ) 
4 263 266 (-2368 -272 224 ) (-2368 -256 224 ) (-2368 -256 160 ) (-2368 -272 160 ) 
4 263 264 (-2368 -272 224 ) (-2368 -272 160 ) (-2048 -272 160 ) (-2048 -272 224 ) 
4 264 275 (-2048 -1024 0 ) (-2048 -1024 224 ) (-2368 -1024 224 ) (-2368 -1024 0 ) 
4 264 266 (-2368 -1024 224 ) (-2368 -272 224 ) (-2368 -272 0 ) (-2368 -1024 0 ) 
4 264 265 (-2048 -1024 0 ) (-2368 -1024 0 ) (-2368 -272 0 ) (-2048 -272 0 ) 
4 265 275 (-2048 -1024 -128 ) (-2048 -1024 0 ) (-2368 -1024 0 ) (-2368 -1024 -128 ) 
4 265 273 (-2368 -48 -10 ) (-2368 -48 -128 ) (-2368 -1024 -128 ) (-2368 -1024 -10 ) 
4 265 270 (-2368 -48 0 ) (-2368 -48 -2 ) (-2368 -84 -2 ) (-2368 -84 0 ) 
4 265 271 (-2368 -84 -10 ) (-2368 -1024 -10 ) (-2368 -1024 0 ) (-2368 -84 0 ) 
4 266 275 (-2368 -1024 0 ) (-2368 -1024 224 ) (-2800 -1024 224 ) (-2800 -1024 0 ) 
4 266 270 (-2682 0 0 ) (-2368 0 0 ) (-2368 -84 0 ) (-2682 -84 0 ) 
4 266 271 (-2368 -84 0 ) (-2368 -1024 0 ) (-2682 -1024 0 ) (-2682 -84 0 ) 
4 266 272 (-2800 0 0 ) (-2682 0 0 ) (-2682 -1024 0 ) (-2800 -1024 0 ) 
4 266 267 (-2800 -528 160 ) (-2800 -528 224 ) (-2800 0 224 ) (-2800 0 160 ) 
4 266 268 (-2800 -528 0 ) (-2800 -1024 0 ) (-2800 -1024 224 ) (-2800 -528 224 ) 
4 267 268 (-2816 -528 224 ) (-2816 -528 160 ) (-2800 -528 160 ) (-2800 -528 224 ) 
4 267 269 (-2816 -528 160 ) (-2816 -528 224 ) (-2816 0 224 ) (-2816 0 160 ) 
4 268 275 (-2800 -1024 224 ) (-2816 -1024 224 ) (-2816 -1024 0 ) (-2800 -1024 0 ) 
4 268 272 (-2800 -528 0 ) (-2800 -1024 0 ) (-2816 -1024 0 ) (-2816 -528 0 ) 
4 268 269 (-2816 -528 0 ) (-2816 -1024 0 ) (-2816 -1024 224 ) (-2816 -528 224 ) 
4 269 276 (-3072 0 224 ) (-3072 0 0 ) (-3072 -1024 0 ) (-3072 -1024 224 ) 
4 269 275 (-2816 -1024 224 ) (-3072 -1024 224 ) (-3072 -1024 0 ) (-2816 -1024 0 ) 
4 269 272 (-3072 0 0 ) (-2816 0 0 ) (-2816 -1024 0 ) (-3072 -1024 0 ) 
4 270 271 (-2682 -84 0 ) (-2682 -84 -2 ) (-2368 -84 -2 ) (-2368 -84 0 ) 
4 270 272 (-2682 -84 -2 ) (-2682 -84 0 ) (-2682 0 0 ) (-2682 0 -2 ) 
4 271 275 (-2368 -1024 -10 ) (-2368 -1024 0 ) (-2682 -1024 0 ) (-2682 -1024 -10 ) 
4 271 273 (-2368 -84 -10 ) (-2368 -1024 -10 ) (-2682 -1024 -10 ) (-2682 -84 -10 ) 
4 271 272 (-2682 -84 -10 ) (-2682 -1024 -10 ) (-2682 -1024 0 ) (-2682 -84 0 ) 
4 272 276 (-3072 0 0 ) (-3072 0 -10 ) (-3072 -1024 -10 ) (-3072 -1024 0 ) 
4 272 275 (-2682 -1024 0 ) (-3072 -1024 0 ) (-3072 -1024 -10 ) (-2682 -1024 -10 ) 
4 272 273 (-3072 -1024 -10 ) (-3072 0 -10 ) (-2682 0 -10 ) (-2682 -1024 -10 ) 
4 273 276 (-3072 0 -10 ) (-3072 0 -128 ) (-3072 -1024 -128 ) (-3072 -1024 -10 ) 
4 273 275 (-2368 -1024 -128 ) (-2368 -1024 -10 ) (-3072 -1024 -10 ) (-3072 -1024 -128 ) 
4 274 275 (-2048 -1120 784 ) (-2048 -1024 784 ) (-2048 -1024 -128 ) (-2048 -1120 -128 ) 
4 275 277 (-3072 -1120 784 ) (-3072 -1024 784 ) (-3072 -1024 -128 ) (-3072 -1120 -128 ) 
4 276 277 (-3072 -1024 -128 ) (-3072 -1024 784 ) (-3456 -1024 784 ) (-3456 -1024 -128 ) 
