


materialPath: D:\Games\Steam\steamapps\common\left 4 dead 2\left4dead2\materials
Loading D:\Games\Steam\steamapps\common\Left 4 Dead 2\sdk_content\mapsrc\home_zweet_home.vmf
fixing up env_cubemap materials on brush sides...
0...1...2...3...4...5...6...7...8...9...100...1...2...3...4...5...6...7...8...9...10Processing areas...done (0)
Building Faces...done (0)
FixTjuncs...
PruneNodes...
WriteBSP...
done (0)
writing D:\Games\Steam\steamapps\common\Left 4 Dead 2\sdk_content\mapsrc\home_zweet_home.prt...Building visibility clusters...
done (0)
Finding displacement neighbors...
Finding lightmap sample positions...
Displacement Alpha : 0...1...2...3...4...5...6...7...8...9...10
Building Physics collision data...
done (0) (14397 bytes)
Cannot build Physics2 data
                                                             -----------
DataLinker total stream size                                     0.0 KiB
Error loading studio model ""!
Placing detail props : 0...1...2...3...4...5...6...7...8...9...10
Compacting texture/material tables...
Reduced 17 texinfos to 12
Reduced 3 texdatas to 3 (64 bytes to 64)
Writing D:\Games\Steam\steamapps\common\Left 4 Dead 2\sdk_content\mapsrc\home_zweet_home.bsp
0 seconds elapsed



8 threads
reading d:\games\steam\steamapps\common\left 4 dead 2\sdk_content\mapsrc\home_zweet_home.bsp
max farz in all env_fog_controller entities: -1.000000 (used for radial vis)
reading d:\games\steam\steamapps\common\left 4 dead 2\sdk_content\mapsrc\home_zweet_home.prt
 104 portalclusters
 284 numportals
0...1...2...3...4...5...6...7...8...9...100...1...2...3...4...5...6...7...8...9...10Optimized: 2 visible clusters (0.00%)
Total clusters visible: 6690
Average clusters visible: 64
Building PAS...
Average clusters audible: 104
visdatasize:3602  compressed from 3328
writing d:\games\steam\steamapps\common\left 4 dead 2\sdk_content\mapsrc\home_zweet_home.bsp
0 seconds elapsed



[Reading texlights from 'lights.rad']
[2 texlights parsed from 'lights.rad']

Loading d:\games\steam\steamapps\common\left 4 dead 2\sdk_content\mapsrc\home_zweet_home.bsp
266 faces
292814 square feet [42165252.00 square inches]
0 Displacements
0 Square Feet [0.00 Square Inches]
266 patches before subdivision
8808 patches after subdivision
0 direct lights
0...1...2...3...4...5...6...7...8...9...100...1...2...3...4...5...6...7...8...9...10transfers 368500, max 170
transfer lists:   2.8 megs
0...1...2...3...4...5...6...7...8...9...10	Bounce #1 added RGB(0, 0, 0)
Build Patch/Sample Hash Table(s).....Done<0.0020 sec>
0...1...2...3...4...5...6...7...8...9...10FinalLightFace Done
0 of 0 (0% of) surface lights went in leaf ambient cubes.
0...1...2...3...4...5...6...7...8...9...10Writing leaf ambient...done
Ready to Finish

Object names       Objects/Maxobjs  Memory / Maxmem  Fullness 
------------       ---------------  ---------------  -------- 
models                   1/1024           48/49152    ( 0.1%) 
brushes                 40/8192          480/98304    ( 0.5%) 
brushsides             240/65536        1920/524288   ( 0.4%) 
planes                 156/65536        3120/1310720  ( 0.2%) 
vertexes               431/65536        5172/786432   ( 0.7%) 
nodes                  228/65536        7296/2097152  ( 0.3%) 
texinfos                12/12288         864/884736   ( 0.1%) 
texdata                  3/2048           96/65536    ( 0.1%) 
dispinfos                0/0               0/0        ( 0.0%) 
disp_verts               0/0               0/0        ( 0.0%) 
disp_tris                0/0               0/0        ( 0.0%) 
disp_lmsamples           0/0               0/0        ( 0.0%) 
faces                  266/65536       14896/3670016  ( 0.4%) 
hdr faces                0/65536           0/3670016  ( 0.0%) 
origfaces               97/65536        5432/3670016  ( 0.1%) 
leaves                 230/65536        7360/2097152  ( 0.4%) 
leaffaces              319/65536         638/131072   ( 0.5%) 
leafbrushes            116/65536         232/131072   ( 0.2%) 
areas                    2/256            16/2048     ( 0.8%) 
surfedges             1523/512000       6092/2048000  ( 0.3%) 
edges                  985/256000       3940/1024000  ( 0.4%) 
LDR worldlights          0/8192            0/819200   ( 0.0%) 
HDR worldlights          0/8192            0/819200   ( 0.0%) 
leafwaterdata            0/32768           0/393216   ( 0.0%) 
waterstrips             19/32768         190/327680   ( 0.1%) 
waterverts               0/65536           0/786432   ( 0.0%) 
waterindices           303/65536         606/131072   ( 0.5%) 
cubemapsamples           0/1024            0/16384    ( 0.0%) 
overlays                 0/512             0/180224   ( 0.0%) 
LDR lightdata         [variable]      169304/0        ( 0.0%) 
HDR lightdata         [variable]           0/0        ( 0.0%) 
visdata               [variable]        3602/16777216 ( 0.0%) 
entdata               [variable]         409/393216   ( 0.1%) 
LDR ambient table      230/65536         920/262144   ( 0.4%) 
HDR ambient table      230/65536         920/262144   ( 0.4%) 
LDR leaf ambient       104/65536        2912/1835008  ( 0.2%) 
HDR leaf ambient       230/65536        6440/1835008  ( 0.4%) 
occluders                0/0               0/0        ( 0.0%) 
occluder polygons        0/0               0/0        ( 0.0%) 
occluder vert ind        0/0               0/0        ( 0.0%) 
Prop Hull Verts          0/0               0/0        ( 0.0%) 
Prop Hull Blob           0/0               0/0        ( 0.0%) 
Prop Hull Lists          0/0               0/0        ( 0.0%) 
Prop Hulls               0/0               0/0        ( 0.0%) 
Prop Hull trilist        0/0               0/0        ( 0.0%) 
detail props          [variable]           1/12       ( 8.3%) 
static props          [variable]           1/12       ( 8.3%) 
pakfile               [variable]       86770/0        ( 0.0%) 
physics               [variable]       14397/4194304  ( 0.3%) 
physics terrain       [variable]           2/1048576  ( 0.0%) 

Level flags = 0

Total triangle count: 603
Writing d:\games\steam\steamapps\common\left 4 dead 2\sdk_content\mapsrc\home_zweet_home.bsp
1 second elapsed



materialPath: D:\Games\Steam\steamapps\common\left 4 dead 2\left4dead2\materials
Loading D:\Games\Steam\steamapps\common\Left 4 Dead 2\sdk_content\mapsrc\home_zweet_home.vmf
fixing up env_cubemap materials on brush sides...
0...1...2...3...4...5...6...7...8...9...100...1...2...3...4...5...6...7...8...9...10Processing areas...done (0)
Building Faces...done (0)
FixTjuncs...
PruneNodes...
WriteBSP...
done (0)
writing D:\Games\Steam\steamapps\common\Left 4 Dead 2\sdk_content\mapsrc\home_zweet_home.prt...Building visibility clusters...
done (0)
Finding displacement neighbors...
Finding lightmap sample positions...
Displacement Alpha : 0...1...2...3...4...5...6...7...8...9...10
Building Physics collision data...
done (0) (23248 bytes)
Cannot build Physics2 data
                                                             -----------
DataLinker total stream size                                     0.0 KiB
Error loading studio model ""!
Placing detail props : 0...1...2...3...4...5...6...7...8...9...10
Compacting texture/material tables...
Reduced 57 texinfos to 33
Reduced 4 texdatas to 4 (87 bytes to 87)
Writing D:\Games\Steam\steamapps\common\Left 4 Dead 2\sdk_content\mapsrc\home_zweet_home.bsp
0 seconds elapsed



8 threads
reading d:\games\steam\steamapps\common\left 4 dead 2\sdk_content\mapsrc\home_zweet_home.bsp
max farz in all env_fog_controller entities: -1.000000 (used for radial vis)
reading d:\games\steam\steamapps\common\left 4 dead 2\sdk_content\mapsrc\home_zweet_home.prt
 148 portalclusters
 471 numportals
0...1...2...3...4...5...6...7...8...9...100...1...2...3...4...5...6...7...8...9...10Optimized: 16 visible clusters (0.00%)
Total clusters visible: 13766
Average clusters visible: 93
Building PAS...
Average clusters audible: 148
visdatasize:6843  compressed from 7104
writing d:\games\steam\steamapps\common\left 4 dead 2\sdk_content\mapsrc\home_zweet_home.bsp
0 seconds elapsed



[Reading texlights from 'lights.rad']
[2 texlights parsed from 'lights.rad']

Loading d:\games\steam\steamapps\common\left 4 dead 2\sdk_content\mapsrc\home_zweet_home.bsp
297 faces
267892 square feet [38576576.00 square inches]
0 Displacements
0 Square Feet [0.00 Square Inches]
297 patches before subdivision
5811 patches after subdivision
0 direct lights
0...1...2...3...4...5...6...7...8...9...100...1...2...3...4...5...6...7...8...9...10transfers 167222, max 143
transfer lists:   1.3 megs
0...1...2...3...4...5...6...7...8...9...10	Bounce #1 added RGB(0, 0, 0)
Build Patch/Sample Hash Table(s).....Done<0.0013 sec>
0...1...2...3...4...5...6...7...8...9...10FinalLightFace Done
0 of 0 (0% of) surface lights went in leaf ambient cubes.
0...1...2...3...4...5...6...7...8...9...10Writing leaf ambient...done
Ready to Finish

Object names       Objects/Maxobjs  Memory / Maxmem  Fullness 
------------       ---------------  ---------------  -------- 
models                   1/1024           48/49152    ( 0.1%) 
brushes                 65/8192          780/98304    ( 0.8%) 
brushsides             390/65536        3120/524288   ( 0.6%) 
planes                 190/65536        3800/1310720  ( 0.3%) 
vertexes               586/65536        7032/786432   ( 0.9%) 
nodes                  311/65536        9952/2097152  ( 0.5%) 
texinfos                33/12288        2376/884736   ( 0.3%) 
texdata                  4/2048          128/65536    ( 0.2%) 
dispinfos                0/0               0/0        ( 0.0%) 
disp_verts               0/0               0/0        ( 0.0%) 
disp_tris                0/0               0/0        ( 0.0%) 
disp_lmsamples           0/0               0/0        ( 0.0%) 
faces                  297/65536       16632/3670016  ( 0.5%) 
hdr faces                0/65536           0/3670016  ( 0.0%) 
origfaces              148/65536        8288/3670016  ( 0.2%) 
leaves                 313/65536       10016/2097152  ( 0.5%) 
leaffaces              337/65536         674/131072   ( 0.5%) 
leafbrushes            162/65536         324/131072   ( 0.2%) 
areas                    2/256            16/2048     ( 0.8%) 
surfedges             1903/512000       7612/2048000  ( 0.4%) 
edges                 1303/256000       5212/1024000  ( 0.5%) 
LDR worldlights          0/8192            0/819200   ( 0.0%) 
HDR worldlights          0/8192            0/819200   ( 0.0%) 
leafwaterdata            0/32768           0/393216   ( 0.0%) 
waterstrips             45/32768         450/327680   ( 0.1%) 
waterverts               0/65536           0/786432   ( 0.0%) 
waterindices           717/65536        1434/131072   ( 1.1%) 
cubemapsamples           0/1024            0/16384    ( 0.0%) 
overlays                 0/512             0/180224   ( 0.0%) 
LDR lightdata         [variable]      113032/0        ( 0.0%) 
HDR lightdata         [variable]           0/0        ( 0.0%) 
visdata               [variable]        6843/16777216 ( 0.0%) 
entdata               [variable]         409/393216   ( 0.1%) 
LDR ambient table      313/65536        1252/262144   ( 0.5%) 
HDR ambient table      313/65536        1252/262144   ( 0.5%) 
LDR leaf ambient       148/65536        4144/1835008  ( 0.2%) 
HDR leaf ambient       313/65536        8764/1835008  ( 0.5%) 
occluders                0/0               0/0        ( 0.0%) 
occluder polygons        0/0               0/0        ( 0.0%) 
occluder vert ind        0/0               0/0        ( 0.0%) 
Prop Hull Verts          0/0               0/0        ( 0.0%) 
Prop Hull Blob           0/0               0/0        ( 0.0%) 
Prop Hull Lists          0/0               0/0        ( 0.0%) 
Prop Hulls               0/0               0/0        ( 0.0%) 
Prop Hull trilist        0/0               0/0        ( 0.0%) 
detail props          [variable]           1/12       ( 8.3%) 
static props          [variable]           1/12       ( 8.3%) 
pakfile               [variable]       86770/0        ( 0.0%) 
physics               [variable]       23248/4194304  ( 0.6%) 
physics terrain       [variable]           2/1048576  ( 0.0%) 

Level flags = 0

Total triangle count: 717
Writing d:\games\steam\steamapps\common\left 4 dead 2\sdk_content\mapsrc\home_zweet_home.bsp
1 second elapsed



materialPath: D:\Games\Steam\steamapps\common\left 4 dead 2\left4dead2\materials
Loading D:\Games\Steam\steamapps\common\Left 4 Dead 2\sdk_content\mapsrc\home_zweet_home.vmf
fixing up env_cubemap materials on brush sides...
0...1...2...3...4...5...6...7...8...9...100...1...2...3...4...5...6...7...8...9...10Processing areas...done (0)
Building Faces...done (0)
FixTjuncs...
PruneNodes...
WriteBSP...
done (0)
writing D:\Games\Steam\steamapps\common\Left 4 Dead 2\sdk_content\mapsrc\home_zweet_home.prt...Building visibility clusters...
done (0)
Finding displacement neighbors...
Finding lightmap sample positions...
Displacement Alpha : 0...1...2...3...4...5...6...7...8...9...10
Building Physics collision data...
done (0) (27416 bytes)
Cannot build Physics2 data
                                                             -----------
DataLinker total stream size                                     0.0 KiB
Error loading studio model ""!
Placing detail props : 0...1...2...3...4...5...6...7...8...9...10
Compacting texture/material tables...
Reduced 76 texinfos to 43
Reduced 4 texdatas to 4 (87 bytes to 87)
Writing D:\Games\Steam\steamapps\common\Left 4 Dead 2\sdk_content\mapsrc\home_zweet_home.bsp
0 seconds elapsed



8 threads
reading d:\games\steam\steamapps\common\left 4 dead 2\sdk_content\mapsrc\home_zweet_home.bsp
max farz in all env_fog_controller entities: -1.000000 (used for radial vis)
reading d:\games\steam\steamapps\common\left 4 dead 2\sdk_content\mapsrc\home_zweet_home.prt
 191 portalclusters
 654 numportals
0...1...2...3...4...5...6...7...8...9...100...1...2...3...4...5...6...7...8...9...10Optimized: 55 visible clusters (0.00%)
Total clusters visible: 24526
Average clusters visible: 128
Building PAS...
Average clusters audible: 191
visdatasize:10813  compressed from 9168
writing d:\games\steam\steamapps\common\left 4 dead 2\sdk_content\mapsrc\home_zweet_home.bsp
1 second elapsed



[Reading texlights from 'lights.rad']
[2 texlights parsed from 'lights.rad']

Loading d:\games\steam\steamapps\common\left 4 dead 2\sdk_content\mapsrc\home_zweet_home.bsp
356 faces
269575 square feet [38818896.00 square inches]
1 Displacements
1708 Square Feet [246016.00 Square Inches]
356 patches before subdivision
6566 patches after subdivision
0 direct lights
0...1...2...3...4...5...6...7...8...9...100...1...2...3...4...5...6...7...8...9...10transfers 220364, max 149
transfer lists:   1.7 megs
0...1...2...3...4...5...6...7...8...9...10	Bounce #1 added RGB(0, 0, 0)
Build Patch/Sample Hash Table(s).....Done<0.0014 sec>
0...1...2...3...4...5...6...7...8...9...10FinalLightFace Done
0 of 0 (0% of) surface lights went in leaf ambient cubes.
0...1...2...3...4...5...6...7...8...9...10Writing leaf ambient...done
Ready to Finish

Object names       Objects/Maxobjs  Memory / Maxmem  Fullness 
------------       ---------------  ---------------  -------- 
models                   1/1024           48/49152    ( 0.1%) 
brushes                 76/8192          912/98304    ( 0.9%) 
brushsides             457/65536        3656/524288   ( 0.7%) 
planes                 232/65536        4640/1310720  ( 0.4%) 
vertexes               740/65536        8880/786432   ( 1.1%) 
nodes                  373/65536       11936/2097152  ( 0.6%) 
texinfos                43/12288        3096/884736   ( 0.3%) 
texdata                  4/2048          128/65536    ( 0.2%) 
dispinfos                1/0             176/0        ( 0.0%) 
disp_verts             289/0            5780/0        ( 0.0%) 
disp_tris              512/0            1024/0        ( 0.0%) 
disp_lmsamples        4884/0            4884/0        ( 0.0%) 
faces                  356/65536       19936/3670016  ( 0.5%) 
hdr faces                0/65536           0/3670016  ( 0.0%) 
origfaces              173/65536        9688/3670016  ( 0.3%) 
leaves                 375/65536       12000/2097152  ( 0.6%) 
leaffaces              407/65536         814/131072   ( 0.6%) 
leafbrushes            189/65536         378/131072   ( 0.3%) 
areas                    2/256            16/2048     ( 0.8%) 
surfedges             2314/512000       9256/2048000  ( 0.5%) 
edges                 1564/256000       6256/1024000  ( 0.6%) 
LDR worldlights          0/8192            0/819200   ( 0.0%) 
HDR worldlights          0/8192            0/819200   ( 0.0%) 
leafwaterdata            0/32768           0/393216   ( 0.0%) 
waterstrips             49/32768         490/327680   ( 0.1%) 
waterverts               0/65536           0/786432   ( 0.0%) 
waterindices           738/65536        1476/131072   ( 1.1%) 
cubemapsamples           0/1024            0/16384    ( 0.0%) 
overlays                 0/512             0/180224   ( 0.0%) 
LDR lightdata         [variable]      125000/0        ( 0.0%) 
HDR lightdata         [variable]           0/0        ( 0.0%) 
visdata               [variable]       10813/16777216 ( 0.1%) 
entdata               [variable]         409/393216   ( 0.1%) 
LDR ambient table      375/65536        1500/262144   ( 0.6%) 
HDR ambient table      375/65536        1500/262144   ( 0.6%) 
LDR leaf ambient       191/65536        5348/1835008  ( 0.3%) 
HDR leaf ambient       375/65536       10500/1835008  ( 0.6%) 
occluders                0/0               0/0        ( 0.0%) 
occluder polygons        0/0               0/0        ( 0.0%) 
occluder vert ind        0/0               0/0        ( 0.0%) 
Prop Hull Verts          0/0               0/0        ( 0.0%) 
Prop Hull Blob           0/0               0/0        ( 0.0%) 
Prop Hull Lists          0/0               0/0        ( 0.0%) 
Prop Hulls               0/0               0/0        ( 0.0%) 
Prop Hull trilist        0/0               0/0        ( 0.0%) 
detail props          [variable]           1/12       ( 8.3%) 
static props          [variable]           1/12       ( 8.3%) 
pakfile               [variable]       86770/0        ( 0.0%) 
physics               [variable]       27416/4194304  ( 0.7%) 
physics terrain       [variable]         242/1048576  ( 0.0%) 

Level flags = 0

Total triangle count: 910
Writing d:\games\steam\steamapps\common\left 4 dead 2\sdk_content\mapsrc\home_zweet_home.bsp
1 second elapsed



materialPath: D:\Games\Steam\steamapps\common\left 4 dead 2\left4dead2\materials
Loading D:\Games\Steam\steamapps\common\Left 4 Dead 2\sdk_content\mapsrc\home_zweet_home.vmf
fixing up env_cubemap materials on brush sides...
0...1...2...3...4...5...6...7...8...9...100...1...2...3...4...5...6...7...8...9...10Processing areas...done (0)
Building Faces...done (0)
FixTjuncs...
PruneNodes...
WriteBSP...
done (0)
writing D:\Games\Steam\steamapps\common\Left 4 Dead 2\sdk_content\mapsrc\home_zweet_home.prt...Building visibility clusters...
done (0)
Finding displacement neighbors...
Finding lightmap sample positions...
Displacement Alpha : 0...1...2...3...4...5...6...7...8...9...10
Building Physics collision data...
done (0) (32955 bytes)
Cannot build Physics2 data
                                                             -----------
DataLinker total stream size                                     0.0 KiB
Error loading studio model ""!
Placing detail props : 0...1...2...3...4...5...6...7...8...9...10
Compacting texture/material tables...
Reduced 94 texinfos to 62
Reduced 5 texdatas to 5 (103 bytes to 103)
Writing D:\Games\Steam\steamapps\common\Left 4 Dead 2\sdk_content\mapsrc\home_zweet_home.bsp
0 seconds elapsed



8 threads
reading d:\games\steam\steamapps\common\left 4 dead 2\sdk_content\mapsrc\home_zweet_home.bsp
max farz in all env_fog_controller entities: -1.000000 (used for radial vis)
reading d:\games\steam\steamapps\common\left 4 dead 2\sdk_content\mapsrc\home_zweet_home.prt
 216 portalclusters
 713 numportals
0...1...2...3...4...5...6...7...8...9...100...1...2...3...4...5...6...7...8...9...10Optimized: 125 visible clusters (0.00%)
Total clusters visible: 28325
Average clusters visible: 131
Building PAS...
Average clusters audible: 216
visdatasize:13585  compressed from 13824
writing d:\games\steam\steamapps\common\left 4 dead 2\sdk_content\mapsrc\home_zweet_home.bsp
1 second elapsed



[Reading texlights from 'lights.rad']
[2 texlights parsed from 'lights.rad']

Loading d:\games\steam\steamapps\common\left 4 dead 2\sdk_content\mapsrc\home_zweet_home.bsp
475 faces
273533 square feet [39388800.00 square inches]
1 Displacements
1708 Square Feet [246016.00 Square Inches]
475 patches before subdivision
7381 patches after subdivision
0 direct lights
0...1...2...3...4...5...6...7...8...9...100...1...2...3...4...5...6...7...8...9...10transfers 305249, max 269
transfer lists:   2.3 megs
0...1...2...3...4...5...6...7...8...9...10	Bounce #1 added RGB(0, 0, 0)
Build Patch/Sample Hash Table(s).....Done<0.0017 sec>
0...1...2...3...4...5...6...7...8...9...10FinalLightFace Done
0 of 0 (0% of) surface lights went in leaf ambient cubes.
0...1...2...3...4...5...6...7...8...9...10Writing leaf ambient...done
Ready to Finish

Object names       Objects/Maxobjs  Memory / Maxmem  Fullness 
------------       ---------------  ---------------  -------- 
models                   1/1024           48/49152    ( 0.1%) 
brushes                 91/8192         1092/98304    ( 1.1%) 
brushsides             547/65536        4376/524288   ( 0.8%) 
planes                 276/65536        5520/1310720  ( 0.4%) 
vertexes               897/65536       10764/786432   ( 1.4%) 
nodes                  428/65536       13696/2097152  ( 0.7%) 
texinfos                62/12288        4464/884736   ( 0.5%) 
texdata                  5/2048          160/65536    ( 0.2%) 
dispinfos                1/0             176/0        ( 0.0%) 
disp_verts             289/0            5780/0        ( 0.0%) 
disp_tris              512/0            1024/0        ( 0.0%) 
disp_lmsamples        4884/0            4884/0        ( 0.0%) 
faces                  475/65536       26600/3670016  ( 0.7%) 
hdr faces                0/65536           0/3670016  ( 0.0%) 
origfaces              244/65536       13664/3670016  ( 0.4%) 
leaves                 430/65536       13760/2097152  ( 0.7%) 
leaffaces              531/65536        1062/131072   ( 0.8%) 
leafbrushes            221/65536         442/131072   ( 0.3%) 
areas                    2/256            16/2048     ( 0.8%) 
surfedges             3183/512000      12732/2048000  ( 0.6%) 
edges                 2050/256000       8200/1024000  ( 0.8%) 
LDR worldlights          0/8192            0/819200   ( 0.0%) 
HDR worldlights          0/8192            0/819200   ( 0.0%) 
leafwaterdata            0/32768           0/393216   ( 0.0%) 
waterstrips             58/32768         580/327680   ( 0.2%) 
waterverts               0/65536           0/786432   ( 0.0%) 
waterindices           894/65536        1788/131072   ( 1.4%) 
cubemapsamples           0/1024            0/16384    ( 0.0%) 
overlays                 0/512             0/180224   ( 0.0%) 
LDR lightdata         [variable]      140716/0        ( 0.0%) 
HDR lightdata         [variable]           0/0        ( 0.0%) 
visdata               [variable]       13585/16777216 ( 0.1%) 
entdata               [variable]         409/393216   ( 0.1%) 
LDR ambient table      430/65536        1720/262144   ( 0.7%) 
HDR ambient table      430/65536        1720/262144   ( 0.7%) 
LDR leaf ambient       216/65536        6048/1835008  ( 0.3%) 
HDR leaf ambient       430/65536       12040/1835008  ( 0.7%) 
occluders                0/0               0/0        ( 0.0%) 
occluder polygons        0/0               0/0        ( 0.0%) 
occluder vert ind        0/0               0/0        ( 0.0%) 
Prop Hull Verts          0/0               0/0        ( 0.0%) 
Prop Hull Blob           0/0               0/0        ( 0.0%) 
Prop Hull Lists          0/0               0/0        ( 0.0%) 
Prop Hulls               0/0               0/0        ( 0.0%) 
Prop Hull trilist        0/0               0/0        ( 0.0%) 
detail props          [variable]           1/12       ( 8.3%) 
static props          [variable]           1/12       ( 8.3%) 
pakfile               [variable]       86770/0        ( 0.0%) 
physics               [variable]       32955/4194304  ( 0.8%) 
physics terrain       [variable]         242/1048576  ( 0.0%) 

Level flags = 0

Total triangle count: 1257
Writing d:\games\steam\steamapps\common\left 4 dead 2\sdk_content\mapsrc\home_zweet_home.bsp
1 second elapsed



materialPath: D:\Games\Steam\steamapps\common\left 4 dead 2\left4dead2\materials
Loading D:\Games\Steam\steamapps\common\Left 4 Dead 2\sdk_content\mapsrc\home_zweet_home.vmf
fixing up env_cubemap materials on brush sides...
0...1...2...3...4...5...6...7...8...9...100...1...2...3...4...5...6...7...8...9...10Processing areas...done (0)
Building Faces...done (0)
FixTjuncs...
PruneNodes...
WriteBSP...
done (0)
writing D:\Games\Steam\steamapps\common\Left 4 Dead 2\sdk_content\mapsrc\home_zweet_home.prt...Building visibility clusters...
done (0)
Finding displacement neighbors...
Finding lightmap sample positions...
Displacement Alpha : 0...1...2...3...4...5...6...7...8...9...10
Building Physics collision data...
done (0) (37243 bytes)
Cannot build Physics2 data
                                                             -----------
DataLinker total stream size                                     0.0 KiB
Error loading studio model ""!
Placing detail props : 0...1...2...3...4...5...6...7...8...9...10
Compacting texture/material tables...
Reduced 106 texinfos to 70
Reduced 5 texdatas to 5 (103 bytes to 103)
Writing D:\Games\Steam\steamapps\common\Left 4 Dead 2\sdk_content\mapsrc\home_zweet_home.bsp
0 seconds elapsed



8 threads
reading d:\games\steam\steamapps\common\left 4 dead 2\sdk_content\mapsrc\home_zweet_home.bsp
max farz in all env_fog_controller entities: -1.000000 (used for radial vis)
reading d:\games\steam\steamapps\common\left 4 dead 2\sdk_content\mapsrc\home_zweet_home.prt
 245 portalclusters
 799 numportals
0...1...2...3...4...5...6...7...8...9...100...1...2...3...4...5...6...7...8...9...10Optimized: 148 visible clusters (0.00%)
Total clusters visible: 34763
Average clusters visible: 141
Building PAS...
Average clusters audible: 245
visdatasize:17337  compressed from 15680
writing d:\games\steam\steamapps\common\left 4 dead 2\sdk_content\mapsrc\home_zweet_home.bsp
1 second elapsed



[Reading texlights from 'lights.rad']
[2 texlights parsed from 'lights.rad']

Loading d:\games\steam\steamapps\common\left 4 dead 2\sdk_content\mapsrc\home_zweet_home.bsp
542 faces
274118 square feet [39473024.00 square inches]
1 Displacements
1708 Square Feet [246016.00 Square Inches]
542 patches before subdivision
7534 patches after subdivision
1 direct lights
0...1...2...3...4...5...6...7...8...9...100...1...2...3...4...5...6...7...8...9...10transfers 322415, max 264
transfer lists:   2.5 megs
0...1...2...3...4...5...6...7...8...9...10	Bounce #1 added RGB(1851, 1803, 1801)
0...1...2...3...4...5...6...7...8...9...10	Bounce #2 added RGB(209, 197, 196)
0...1...2...3...4...5...6...7...8...9...10	Bounce #3 added RGB(23, 21, 20)
0...1...2...3...4...5...6...7...8...9...10	Bounce #4 added RGB(2, 2, 2)
0...1...2...3...4...5...6...7...8...9...10	Bounce #5 added RGB(0, 0, 0)
Build Patch/Sample Hash Table(s).....Done<0.0017 sec>
0...1...2...3...4...5...6...7...8...9...10FinalLightFace Done
0 of 0 (0% of) surface lights went in leaf ambient cubes.
0...1...2...3...4...5...6...7...8...9...10Writing leaf ambient...done
Ready to Finish

Object names       Objects/Maxobjs  Memory / Maxmem  Fullness 
------------       ---------------  ---------------  -------- 
models                   1/1024           48/49152    ( 0.1%) 
brushes                103/8192         1236/98304    ( 1.3%) 
brushsides             619/65536        4952/524288   ( 0.9%) 
planes                 288/65536        5760/1310720  ( 0.4%) 
vertexes              1017/65536       12204/786432   ( 1.6%) 
nodes                  490/65536       15680/2097152  ( 0.7%) 
texinfos                70/12288        5040/884736   ( 0.6%) 
texdata                  5/2048          160/65536    ( 0.2%) 
dispinfos                1/0             176/0        ( 0.0%) 
disp_verts             289/0            5780/0        ( 0.0%) 
disp_tris              512/0            1024/0        ( 0.0%) 
disp_lmsamples        4884/0            4884/0        ( 0.0%) 
faces                  542/65536       30352/3670016  ( 0.8%) 
hdr faces                0/65536           0/3670016  ( 0.0%) 
origfaces              277/65536       15512/3670016  ( 0.4%) 
leaves                 492/65536       15744/2097152  ( 0.8%) 
leaffaces              604/65536        1208/131072   ( 0.9%) 
leafbrushes            251/65536         502/131072   ( 0.4%) 
areas                    2/256            16/2048     ( 0.8%) 
surfedges             3643/512000      14572/2048000  ( 0.7%) 
edges                 2352/256000       9408/1024000  ( 0.9%) 
LDR worldlights          1/8192          100/819200   ( 0.0%) 
HDR worldlights          0/8192            0/819200   ( 0.0%) 
leafwaterdata            0/32768           0/393216   ( 0.0%) 
waterstrips             68/32768         680/327680   ( 0.2%) 
waterverts               0/65536           0/786432   ( 0.0%) 
waterindices          1017/65536        2034/131072   ( 1.6%) 
cubemapsamples           0/1024            0/16384    ( 0.0%) 
overlays                 0/512             0/180224   ( 0.0%) 
LDR lightdata         [variable]      145436/0        ( 0.0%) 
HDR lightdata         [variable]           0/0        ( 0.0%) 
visdata               [variable]       17337/16777216 ( 0.1%) 
entdata               [variable]         790/393216   ( 0.2%) 
LDR ambient table      492/65536        1968/262144   ( 0.8%) 
HDR ambient table      492/65536        1968/262144   ( 0.8%) 
LDR leaf ambient       666/65536       18648/1835008  ( 1.0%) 
HDR leaf ambient       492/65536       13776/1835008  ( 0.8%) 
occluders                0/0               0/0        ( 0.0%) 
occluder polygons        0/0               0/0        ( 0.0%) 
occluder vert ind        0/0               0/0        ( 0.0%) 
Prop Hull Verts          0/0               0/0        ( 0.0%) 
Prop Hull Blob           0/0               0/0        ( 0.0%) 
Prop Hull Lists          0/0               0/0        ( 0.0%) 
Prop Hulls               0/0               0/0        ( 0.0%) 
Prop Hull trilist        0/0               0/0        ( 0.0%) 
detail props          [variable]           1/12       ( 8.3%) 
static props          [variable]           1/214      ( 0.5%) 
pakfile               [variable]       86770/0        ( 0.0%) 
physics               [variable]       37243/4194304  ( 0.9%) 
physics terrain       [variable]         242/1048576  ( 0.0%) 

Level flags = 0

Total triangle count: 1451
Writing d:\games\steam\steamapps\common\left 4 dead 2\sdk_content\mapsrc\home_zweet_home.bsp
1 second elapsed
